2024-06-02 10:29:54,637 - root - INFO - Namespace(data='wikipedia', bs=200, prefix='ptgn-attn-wiki', n_degree=10, n_head=2, n_epoch=50, n_layer=1, lr=0.0001, patience=5, n_runs=3, drop_out=0.1, gpu=0, node_dim=100, time_dim=100, backprop_every=1, use_memory=True, embedding_module='graph_attention', message_function='identity', memory_updater='gru', aggregator='last', memory_update_at_end=False, message_dim=100, memory_dim=172, different_new_nodes=False, uniform=False, randomize_features=False, use_destination_embedding_in_message=False, use_source_embedding_in_message=False, dyrep=False, use_position=True, position_embedding_dim=100)
2024-06-02 10:29:59,248 - root - INFO - num of training instances: 81029
2024-06-02 10:29:59,248 - root - INFO - num of batches per epoch: 406
2024-06-02 10:29:59,250 - root - INFO - start 0 epoch
2024-06-02 10:30:43,325 - root - INFO - epoch: 0 took 44.08s
2024-06-02 10:30:43,325 - root - INFO - Epoch mean loss: 0.7227849011203925
2024-06-02 10:30:43,326 - root - INFO - val auc: 0.9315851612073401, new node val auc: 0.9370137295081967
2024-06-02 10:30:43,326 - root - INFO - val ap: 0.9341078287010462, new node val ap: 0.9382730744398772
2024-06-02 10:30:43,422 - root - INFO - start 1 epoch
2024-06-02 10:31:35,008 - root - INFO - epoch: 1 took 51.65s
2024-06-02 10:31:35,008 - root - INFO - Epoch mean loss: 0.6058645969247584
2024-06-02 10:31:35,008 - root - INFO - val auc: 0.9349445754492275, new node val auc: 0.9409053278688525
2024-06-02 10:31:35,008 - root - INFO - val ap: 0.9364259945868497, new node val ap: 0.9413626770088457
2024-06-02 10:31:35,082 - root - INFO - start 2 epoch
2024-06-02 10:32:22,836 - root - INFO - epoch: 2 took 47.80s
2024-06-02 10:32:22,836 - root - INFO - Epoch mean loss: 0.518369642604748
2024-06-02 10:32:22,836 - root - INFO - val auc: 0.9564876155223995, new node val auc: 0.9540099385245903
2024-06-02 10:32:22,836 - root - INFO - val ap: 0.9590647818630818, new node val ap: 0.9564161290252846
2024-06-02 10:32:22,935 - root - INFO - start 3 epoch
2024-06-02 10:33:18,789 - root - INFO - epoch: 3 took 55.92s
2024-06-02 10:33:18,790 - root - INFO - Epoch mean loss: 0.4438754680928926
2024-06-02 10:33:18,790 - root - INFO - val auc: 0.9651739143276358, new node val auc: 0.9610855532786884
2024-06-02 10:33:18,790 - root - INFO - val ap: 0.9671979895743232, new node val ap: 0.9633642901016992
2024-06-02 10:33:18,864 - root - INFO - start 4 epoch
2024-06-02 10:34:07,910 - root - INFO - epoch: 4 took 49.09s
2024-06-02 10:34:07,910 - root - INFO - Epoch mean loss: 0.39988404725279125
2024-06-02 10:34:07,910 - root - INFO - val auc: 0.9689376841212677, new node val auc: 0.9640588114754098
2024-06-02 10:34:07,910 - root - INFO - val ap: 0.9715275446124534, new node val ap: 0.9667710610749155
2024-06-02 10:34:08,000 - root - INFO - start 5 epoch
2024-06-02 10:34:56,245 - root - INFO - epoch: 5 took 48.30s
2024-06-02 10:34:56,245 - root - INFO - Epoch mean loss: 0.36323849486159576
2024-06-02 10:34:56,245 - root - INFO - val auc: 0.9730042016806721, new node val auc: 0.9687683401639343
2024-06-02 10:34:56,245 - root - INFO - val ap: 0.9752660210737973, new node val ap: 0.9715005381968641
2024-06-02 10:34:56,316 - root - INFO - start 6 epoch
2024-06-02 10:35:44,088 - root - INFO - epoch: 6 took 47.82s
2024-06-02 10:35:44,089 - root - INFO - Epoch mean loss: 0.32916399124514295
2024-06-02 10:35:44,089 - root - INFO - val auc: 0.9759649097734334, new node val auc: 0.9705527663934427
2024-06-02 10:35:44,089 - root - INFO - val ap: 0.9780122334586726, new node val ap: 0.9730720394724416
2024-06-02 10:35:44,202 - root - INFO - start 7 epoch
2024-06-02 10:36:37,973 - root - INFO - epoch: 7 took 53.85s
2024-06-02 10:36:37,974 - root - INFO - Epoch mean loss: 0.3061206151405579
2024-06-02 10:36:37,974 - root - INFO - val auc: 0.9786624969035232, new node val auc: 0.9736647540983605
2024-06-02 10:36:37,974 - root - INFO - val ap: 0.9806300097873076, new node val ap: 0.9762916613145743
2024-06-02 10:36:38,082 - root - INFO - start 8 epoch
2024-06-02 10:37:30,525 - root - INFO - epoch: 8 took 52.52s
2024-06-02 10:37:30,525 - root - INFO - Epoch mean loss: 0.28571388510794477
2024-06-02 10:37:30,525 - root - INFO - val auc: 0.9791176241925341, new node val auc: 0.972377049180328
2024-06-02 10:37:30,525 - root - INFO - val ap: 0.9808990067577559, new node val ap: 0.9749407265413716
2024-06-02 10:37:30,601 - root - INFO - start 9 epoch
2024-06-02 10:38:23,244 - root - INFO - epoch: 9 took 52.69s
2024-06-02 10:38:23,244 - root - INFO - Epoch mean loss: 0.27641227375257194
2024-06-02 10:38:23,244 - root - INFO - val auc: 0.9796393023876218, new node val auc: 0.9733859631147541
2024-06-02 10:38:23,244 - root - INFO - val ap: 0.9812165917009564, new node val ap: 0.9758988787113098
2024-06-02 10:38:23,319 - root - INFO - start 10 epoch
2024-06-02 10:39:12,344 - root - INFO - epoch: 10 took 49.07s
2024-06-02 10:39:12,345 - root - INFO - Epoch mean loss: 0.2654635158959281
2024-06-02 10:39:12,345 - root - INFO - val auc: 0.9812616565673888, new node val auc: 0.9751768442622951
2024-06-02 10:39:12,345 - root - INFO - val ap: 0.9827192630800753, new node val ap: 0.977584618997442
2024-06-02 10:39:12,446 - root - INFO - start 11 epoch
2024-06-02 10:39:59,252 - root - INFO - epoch: 11 took 46.88s
2024-06-02 10:39:59,252 - root - INFO - Epoch mean loss: 0.25140732809387406
2024-06-02 10:39:59,252 - root - INFO - val auc: 0.9823751872177441, new node val auc: 0.9759248975409837
2024-06-02 10:39:59,252 - root - INFO - val ap: 0.9838421165583041, new node val ap: 0.978331459215111
2024-06-02 10:39:59,361 - root - INFO - start 12 epoch
2024-06-02 10:40:52,345 - root - INFO - epoch: 12 took 53.06s
2024-06-02 10:40:52,346 - root - INFO - Epoch mean loss: 0.240859828393888
2024-06-02 10:40:52,346 - root - INFO - val auc: 0.9821338630690374, new node val auc: 0.9756236680327868
2024-06-02 10:40:52,346 - root - INFO - val ap: 0.9836259102442053, new node val ap: 0.9777920207603175
2024-06-02 10:40:52,461 - root - INFO - start 13 epoch
2024-06-02 10:41:41,021 - root - INFO - epoch: 13 took 48.64s
2024-06-02 10:41:41,021 - root - INFO - Epoch mean loss: 0.2342364161913031
2024-06-02 10:41:41,021 - root - INFO - val auc: 0.9823252724899484, new node val auc: 0.9758884221311473
2024-06-02 10:41:41,021 - root - INFO - val ap: 0.9835645680337566, new node val ap: 0.9781484830358417
2024-06-02 10:41:41,093 - root - INFO - start 14 epoch
2024-06-02 10:42:29,308 - root - INFO - epoch: 14 took 48.26s
2024-06-02 10:42:29,309 - root - INFO - Epoch mean loss: 0.22399877460462414
2024-06-02 10:42:29,309 - root - INFO - val auc: 0.9826664260942473, new node val auc: 0.9754697745901638
2024-06-02 10:42:29,309 - root - INFO - val ap: 0.9838971403726097, new node val ap: 0.9777613384597983
2024-06-02 10:42:29,387 - root - INFO - start 15 epoch
2024-06-02 10:43:17,357 - root - INFO - epoch: 15 took 48.02s
2024-06-02 10:43:17,358 - root - INFO - Epoch mean loss: 0.2172501007728095
2024-06-02 10:43:17,358 - root - INFO - val auc: 0.9824882519674536, new node val auc: 0.9762892418032788
2024-06-02 10:43:17,358 - root - INFO - val ap: 0.9838095378327305, new node val ap: 0.9784501216860181
2024-06-02 10:43:17,454 - root - INFO - start 16 epoch
2024-06-02 10:44:05,390 - root - INFO - epoch: 16 took 48.00s
2024-06-02 10:44:05,391 - root - INFO - Epoch mean loss: 0.21197686819680805
2024-06-02 10:44:05,391 - root - INFO - val auc: 0.982385606147221, new node val auc: 0.9765176229508198
2024-06-02 10:44:05,391 - root - INFO - val ap: 0.9836851410319707, new node val ap: 0.9788344209231209
2024-06-02 10:44:05,464 - root - INFO - start 17 epoch
2024-06-02 10:44:52,751 - root - INFO - epoch: 17 took 47.33s
2024-06-02 10:44:52,751 - root - INFO - Epoch mean loss: 0.20759660893766751
2024-06-02 10:44:52,751 - root - INFO - val auc: 0.981918651746413, new node val auc: 0.9764059426229509
2024-06-02 10:44:52,751 - root - INFO - val ap: 0.9832435622057119, new node val ap: 0.9782686676141268
2024-06-02 10:44:52,863 - root - INFO - start 18 epoch
2024-06-02 10:45:45,857 - root - INFO - epoch: 18 took 53.08s
2024-06-02 10:45:45,857 - root - INFO - Epoch mean loss: 0.19728349202445575
2024-06-02 10:45:45,857 - root - INFO - val auc: 0.9820931067665161, new node val auc: 0.9753815573770492
2024-06-02 10:45:45,857 - root - INFO - val ap: 0.9833107913525473, new node val ap: 0.9775185575032037
2024-06-02 10:45:45,930 - root - INFO - start 19 epoch
2024-06-02 10:46:38,025 - root - INFO - epoch: 19 took 52.14s
2024-06-02 10:46:38,026 - root - INFO - Epoch mean loss: 0.19114322787875612
2024-06-02 10:46:38,026 - root - INFO - val auc: 0.9823286962404009, new node val auc: 0.9759226434426229
2024-06-02 10:46:38,026 - root - INFO - val ap: 0.9835126124419775, new node val ap: 0.9780458519448425
2024-06-02 10:46:38,026 - root - INFO - No improvement over 5 epochs, stop training
2024-06-02 10:46:38,026 - root - INFO - Loading the best model at epoch 14
2024-06-02 10:46:38,040 - root - INFO - Loaded the best model at epoch 14 for inference
2024-06-02 10:46:53,333 - root - INFO - Test statistics: Old nodes -- auc: 0.9778037357800264, ap: 0.979474519687744
2024-06-02 10:46:53,333 - root - INFO - Test statistics: New nodes -- auc: 0.9649743347697927, ap: 0.9671896831321436
2024-06-02 10:46:53,333 - root - INFO - Saving TGN model
2024-06-02 10:46:53,734 - root - INFO - TGN model saved
2024-06-02 10:46:53,978 - root - INFO - num of training instances: 81029
2024-06-02 10:46:53,979 - root - INFO - num of batches per epoch: 406
2024-06-02 10:46:53,983 - root - INFO - start 0 epoch
2024-06-02 10:47:34,975 - root - INFO - epoch: 0 took 41.00s
2024-06-02 10:47:34,975 - root - INFO - Epoch mean loss: 0.7401687760511643
2024-06-02 10:47:34,975 - root - INFO - val auc: 0.9255121996417616, new node val auc: 0.9260771516393442
2024-06-02 10:47:34,975 - root - INFO - val ap: 0.9301607677270584, new node val ap: 0.9312425474855593
2024-06-02 10:47:35,081 - root - INFO - start 1 epoch
2024-06-02 10:48:23,118 - root - INFO - epoch: 1 took 48.11s
2024-06-02 10:48:23,118 - root - INFO - Epoch mean loss: 0.6156409123701415
2024-06-02 10:48:23,118 - root - INFO - val auc: 0.934541526134263, new node val auc: 0.9381767418032786
2024-06-02 10:48:23,118 - root - INFO - val ap: 0.9362698533389215, new node val ap: 0.9401340938306894
2024-06-02 10:48:23,194 - root - INFO - start 2 epoch
2024-06-02 10:49:11,245 - root - INFO - epoch: 2 took 48.10s
2024-06-02 10:49:11,246 - root - INFO - Epoch mean loss: 0.5090382587293099
2024-06-02 10:49:11,246 - root - INFO - val auc: 0.9552432649250177, new node val auc: 0.950133606557377
2024-06-02 10:49:11,246 - root - INFO - val ap: 0.9573274067595094, new node val ap: 0.9513631459709103
2024-06-02 10:49:11,330 - root - INFO - start 3 epoch
2024-06-02 10:49:58,831 - root - INFO - epoch: 3 took 47.55s
2024-06-02 10:49:58,831 - root - INFO - Epoch mean loss: 0.44985266800584467
2024-06-02 10:49:58,831 - root - INFO - val auc: 0.9627377860668077, new node val auc: 0.9583074795081967
2024-06-02 10:49:58,831 - root - INFO - val ap: 0.9649251086087559, new node val ap: 0.960496977250108
2024-06-02 10:49:58,908 - root - INFO - start 4 epoch
2024-06-02 10:50:46,829 - root - INFO - epoch: 4 took 47.97s
2024-06-02 10:50:46,830 - root - INFO - Epoch mean loss: 0.41097603496072327
2024-06-02 10:50:46,830 - root - INFO - val auc: 0.9671054393185845, new node val auc: 0.962601844262295
2024-06-02 10:50:46,830 - root - INFO - val ap: 0.969432341704255, new node val ap: 0.9650091757302192
2024-06-02 10:50:46,908 - root - INFO - start 5 epoch
2024-06-02 10:51:35,673 - root - INFO - epoch: 5 took 48.81s
2024-06-02 10:51:35,673 - root - INFO - Epoch mean loss: 0.38171823407188427
2024-06-02 10:51:35,673 - root - INFO - val auc: 0.9709401593970922, new node val auc: 0.966920286885246
2024-06-02 10:51:35,673 - root - INFO - val ap: 0.9726738784307132, new node val ap: 0.9687191988171246
2024-06-02 10:51:35,752 - root - INFO - start 6 epoch
2024-06-02 10:52:24,228 - root - INFO - epoch: 6 took 48.52s
2024-06-02 10:52:24,229 - root - INFO - Epoch mean loss: 0.35114308200739874
2024-06-02 10:52:24,229 - root - INFO - val auc: 0.9737155004859085, new node val auc: 0.9688321721311474
2024-06-02 10:52:24,229 - root - INFO - val ap: 0.9758087089551342, new node val ap: 0.9711837978595045
2024-06-02 10:52:24,307 - root - INFO - start 7 epoch
2024-06-02 10:53:11,735 - root - INFO - epoch: 7 took 47.47s
2024-06-02 10:53:11,736 - root - INFO - Epoch mean loss: 0.3305867152848267
2024-06-02 10:53:11,736 - root - INFO - val auc: 0.9762739205205893, new node val auc: 0.971109631147541
2024-06-02 10:53:11,736 - root - INFO - val ap: 0.9777658057032876, new node val ap: 0.9737208506911691
2024-06-02 10:53:11,813 - root - INFO - start 8 epoch
2024-06-02 10:53:59,057 - root - INFO - epoch: 8 took 47.29s
2024-06-02 10:53:59,057 - root - INFO - Epoch mean loss: 0.31087364535319983
2024-06-02 10:53:59,057 - root - INFO - val auc: 0.9763839816879133, new node val auc: 0.9711519467213113
2024-06-02 10:53:59,057 - root - INFO - val ap: 0.9781075832533165, new node val ap: 0.9736498347637769
2024-06-02 10:53:59,131 - root - INFO - start 9 epoch
2024-06-02 10:54:45,010 - root - INFO - epoch: 9 took 45.92s
2024-06-02 10:54:45,011 - root - INFO - Epoch mean loss: 0.2932324059344278
2024-06-02 10:54:45,011 - root - INFO - val auc: 0.9775300160540406, new node val auc: 0.9715095286885245
2024-06-02 10:54:45,011 - root - INFO - val ap: 0.9793387681213648, new node val ap: 0.9741099743076077
2024-06-02 10:54:45,082 - root - INFO - start 10 epoch
2024-06-02 10:55:31,223 - root - INFO - epoch: 10 took 46.18s
2024-06-02 10:55:31,223 - root - INFO - Epoch mean loss: 0.2783923530446485
2024-06-02 10:55:31,223 - root - INFO - val auc: 0.9778182482516817, new node val auc: 0.9723616803278688
2024-06-02 10:55:31,223 - root - INFO - val ap: 0.979674726450532, new node val ap: 0.975136509757165
2024-06-02 10:55:31,333 - root - INFO - start 11 epoch
2024-06-02 10:56:22,140 - root - INFO - epoch: 11 took 50.89s
2024-06-02 10:56:22,140 - root - INFO - Epoch mean loss: 0.26645160339809404
2024-06-02 10:56:22,141 - root - INFO - val auc: 0.978355012957564, new node val auc: 0.9735092213114753
2024-06-02 10:56:22,141 - root - INFO - val ap: 0.9798755699255507, new node val ap: 0.9756693284144696
2024-06-02 10:56:22,219 - root - INFO - start 12 epoch
2024-06-02 10:57:07,532 - root - INFO - epoch: 12 took 45.36s
2024-06-02 10:57:07,532 - root - INFO - Epoch mean loss: 0.25887409937132166
2024-06-02 10:57:07,532 - root - INFO - val auc: 0.9780792121610549, new node val auc: 0.9715821721311475
2024-06-02 10:57:07,532 - root - INFO - val ap: 0.9797408472077701, new node val ap: 0.974078955232252
2024-06-02 10:57:07,603 - root - INFO - start 13 epoch
2024-06-02 10:57:53,124 - root - INFO - epoch: 13 took 45.56s
2024-06-02 10:57:53,124 - root - INFO - Epoch mean loss: 0.24848410303663152
2024-06-02 10:57:53,124 - root - INFO - val auc: 0.9797195711617981, new node val auc: 0.9748293032786886
2024-06-02 10:57:53,124 - root - INFO - val ap: 0.9812020445705568, new node val ap: 0.9770111605553969
2024-06-02 10:57:53,228 - root - INFO - start 14 epoch
2024-06-02 10:58:43,614 - root - INFO - epoch: 14 took 50.46s
2024-06-02 10:58:43,615 - root - INFO - Epoch mean loss: 0.23787913899042923
2024-06-02 10:58:43,615 - root - INFO - val auc: 0.9799219840317079, new node val auc: 0.9737014344262294
2024-06-02 10:58:43,615 - root - INFO - val ap: 0.981234611402419, new node val ap: 0.976083369255014
2024-06-02 10:58:43,718 - root - INFO - start 15 epoch
2024-06-02 10:59:34,142 - root - INFO - epoch: 15 took 50.50s
2024-06-02 10:59:34,142 - root - INFO - Epoch mean loss: 0.22846244895839926
2024-06-02 10:59:34,143 - root - INFO - val auc: 0.9809527020331941, new node val auc: 0.9754100409836067
2024-06-02 10:59:34,143 - root - INFO - val ap: 0.9822678104895585, new node val ap: 0.9774977805328023
2024-06-02 10:59:34,213 - root - INFO - start 16 epoch
2024-06-02 11:00:23,594 - root - INFO - epoch: 16 took 49.42s
2024-06-02 11:00:23,594 - root - INFO - Epoch mean loss: 0.22573219698491354
2024-06-02 11:00:23,594 - root - INFO - val auc: 0.9805426970788316, new node val auc: 0.9749215163934427
2024-06-02 11:00:23,594 - root - INFO - val ap: 0.9817075595693519, new node val ap: 0.9768675502693992
2024-06-02 11:00:23,665 - root - INFO - start 17 epoch
2024-06-02 11:01:13,927 - root - INFO - epoch: 17 took 50.30s
2024-06-02 11:01:13,927 - root - INFO - Epoch mean loss: 0.21810153273526084
2024-06-02 11:01:13,927 - root - INFO - val auc: 0.9814054102593416, new node val auc: 0.9757514344262295
2024-06-02 11:01:13,927 - root - INFO - val ap: 0.9826648325204368, new node val ap: 0.9776893082706009
2024-06-02 11:01:13,998 - root - INFO - start 18 epoch
2024-06-02 11:02:04,248 - root - INFO - epoch: 18 took 50.29s
2024-06-02 11:02:04,248 - root - INFO - Epoch mean loss: 0.21258922024019833
2024-06-02 11:02:04,248 - root - INFO - val auc: 0.9796684126031365, new node val auc: 0.9745276639344262
2024-06-02 11:02:04,248 - root - INFO - val ap: 0.9811398131866406, new node val ap: 0.9770992144252497
2024-06-02 11:02:04,351 - root - INFO - start 19 epoch
2024-06-02 11:02:54,522 - root - INFO - epoch: 19 took 50.24s
2024-06-02 11:02:54,523 - root - INFO - Epoch mean loss: 0.20435421244044022
2024-06-02 11:02:54,523 - root - INFO - val auc: 0.9802159768669371, new node val auc: 0.9747194672131148
2024-06-02 11:02:54,523 - root - INFO - val ap: 0.9815597140708117, new node val ap: 0.9768783962303278
2024-06-02 11:02:54,593 - root - INFO - start 20 epoch
2024-06-02 11:03:44,764 - root - INFO - epoch: 20 took 50.21s
2024-06-02 11:03:44,764 - root - INFO - Epoch mean loss: 0.19709829976919838
2024-06-02 11:03:44,764 - root - INFO - val auc: 0.9813065626250501, new node val auc: 0.976575717213115
2024-06-02 11:03:44,764 - root - INFO - val ap: 0.9824821655621796, new node val ap: 0.9786494837384123
2024-06-02 11:03:44,859 - root - INFO - start 21 epoch
2024-06-02 11:04:30,399 - root - INFO - epoch: 21 took 45.60s
2024-06-02 11:04:30,399 - root - INFO - Epoch mean loss: 0.19258277846748018
2024-06-02 11:04:30,399 - root - INFO - val auc: 0.9799556598830007, new node val auc: 0.97410256147541
2024-06-02 11:04:30,399 - root - INFO - val ap: 0.981380512504004, new node val ap: 0.9764171968055989
2024-06-02 11:04:30,469 - root - INFO - start 22 epoch
2024-06-02 11:05:15,245 - root - INFO - epoch: 22 took 44.82s
2024-06-02 11:05:15,245 - root - INFO - Epoch mean loss: 0.18460599988185125
2024-06-02 11:05:15,245 - root - INFO - val auc: 0.9801945711617981, new node val auc: 0.9734219262295083
2024-06-02 11:05:15,245 - root - INFO - val ap: 0.9816973148340709, new node val ap: 0.9759675282915394
2024-06-02 11:05:15,245 - root - INFO - No improvement over 5 epochs, stop training
2024-06-02 11:05:15,245 - root - INFO - Loading the best model at epoch 17
2024-06-02 11:05:15,259 - root - INFO - Loaded the best model at epoch 17 for inference
2024-06-02 11:05:28,744 - root - INFO - Test statistics: Old nodes -- auc: 0.9789698103050744, ap: 0.9805536745060789
2024-06-02 11:05:28,745 - root - INFO - Test statistics: New nodes -- auc: 0.965648088414341, ap: 0.9678168423849115
2024-06-02 11:05:28,745 - root - INFO - Saving TGN model
2024-06-02 11:05:29,028 - root - INFO - TGN model saved
2024-06-02 11:05:29,238 - root - INFO - num of training instances: 81029
2024-06-02 11:05:29,239 - root - INFO - num of batches per epoch: 406
2024-06-02 11:05:29,241 - root - INFO - start 0 epoch
2024-06-02 11:06:12,458 - root - INFO - epoch: 0 took 43.22s
2024-06-02 11:06:12,459 - root - INFO - Epoch mean loss: 0.7268786190325404
2024-06-02 11:06:12,459 - root - INFO - val auc: 0.9275057889822597, new node val auc: 0.9320650614754098
2024-06-02 11:06:12,459 - root - INFO - val ap: 0.9308260524492196, new node val ap: 0.9361156365233423
2024-06-02 11:06:12,552 - root - INFO - start 1 epoch
2024-06-02 11:06:57,269 - root - INFO - epoch: 1 took 44.78s
2024-06-02 11:06:57,269 - root - INFO - Epoch mean loss: 0.6109536415690859
2024-06-02 11:06:57,270 - root - INFO - val auc: 0.9400015113188134, new node val auc: 0.9425700819672131
2024-06-02 11:06:57,270 - root - INFO - val ap: 0.9417180810361181, new node val ap: 0.9448478756570731
2024-06-02 11:06:57,337 - root - INFO - start 2 epoch
2024-06-02 11:07:42,691 - root - INFO - epoch: 2 took 45.39s
2024-06-02 11:07:42,691 - root - INFO - Epoch mean loss: 0.5238152221212247
2024-06-02 11:07:42,691 - root - INFO - val auc: 0.9513282179538481, new node val auc: 0.9451452868852458
2024-06-02 11:07:42,691 - root - INFO - val ap: 0.9522927421082259, new node val ap: 0.9465410626938778
2024-06-02 11:07:42,760 - root - INFO - start 3 epoch
2024-06-02 11:08:28,218 - root - INFO - epoch: 3 took 45.50s
2024-06-02 11:08:28,219 - root - INFO - Epoch mean loss: 0.46139606393029536
2024-06-02 11:08:28,219 - root - INFO - val auc: 0.9611522818651271, new node val auc: 0.9558278688524591
2024-06-02 11:08:28,219 - root - INFO - val ap: 0.9631238023390537, new node val ap: 0.958234297691074
2024-06-02 11:08:28,289 - root - INFO - start 4 epoch
2024-06-02 11:09:14,015 - root - INFO - epoch: 4 took 45.77s
2024-06-02 11:09:14,015 - root - INFO - Epoch mean loss: 0.4202884884890664
2024-06-02 11:09:14,015 - root - INFO - val auc: 0.9666781617408868, new node val auc: 0.9615240778688524
2024-06-02 11:09:14,015 - root - INFO - val ap: 0.9689528372778858, new node val ap: 0.9642095858960478
2024-06-02 11:09:14,086 - root - INFO - start 5 epoch
2024-06-02 11:10:00,671 - root - INFO - epoch: 5 took 46.63s
2024-06-02 11:10:00,672 - root - INFO - Epoch mean loss: 0.37898673799824834
2024-06-02 11:10:00,672 - root - INFO - val auc: 0.9695221774424058, new node val auc: 0.9628834016393444
2024-06-02 11:10:00,672 - root - INFO - val ap: 0.9717756169384211, new node val ap: 0.9656144185363997
2024-06-02 11:10:00,741 - root - INFO - start 6 epoch
2024-06-02 11:10:47,114 - root - INFO - epoch: 6 took 46.41s
2024-06-02 11:10:47,114 - root - INFO - Epoch mean loss: 0.35006569938853455
2024-06-02 11:10:47,114 - root - INFO - val auc: 0.9722340898264067, new node val auc: 0.9655858606557378
2024-06-02 11:10:47,114 - root - INFO - val ap: 0.9738821082769649, new node val ap: 0.9679230869703155
2024-06-02 11:10:47,211 - root - INFO - start 7 epoch
2024-06-02 11:11:32,970 - root - INFO - epoch: 7 took 45.83s
2024-06-02 11:11:32,970 - root - INFO - Epoch mean loss: 0.32340761086917275
2024-06-02 11:11:32,970 - root - INFO - val auc: 0.9761817560357476, new node val auc: 0.9700027663934426
2024-06-02 11:11:32,970 - root - INFO - val ap: 0.9778056364305721, new node val ap: 0.9724801951714726
2024-06-02 11:11:33,040 - root - INFO - start 8 epoch
2024-06-02 11:12:18,342 - root - INFO - epoch: 8 took 45.34s
2024-06-02 11:12:18,342 - root - INFO - Epoch mean loss: 0.301899461470214
2024-06-02 11:12:18,342 - root - INFO - val auc: 0.9783582266239829, new node val auc: 0.9716568647540982
2024-06-02 11:12:18,343 - root - INFO - val ap: 0.9797877457953967, new node val ap: 0.9739380762340173
2024-06-02 11:12:18,421 - root - INFO - start 9 epoch
2024-06-02 11:13:03,111 - root - INFO - epoch: 9 took 44.73s
2024-06-02 11:13:03,111 - root - INFO - Epoch mean loss: 0.28021694472050435
2024-06-02 11:13:03,111 - root - INFO - val auc: 0.9801507717372665, new node val auc: 0.9750007172131149
2024-06-02 11:13:03,111 - root - INFO - val ap: 0.9818083593780565, new node val ap: 0.9772580519708294
2024-06-02 11:13:03,182 - root - INFO - start 10 epoch
2024-06-02 11:13:48,347 - root - INFO - epoch: 10 took 45.21s
2024-06-02 11:13:48,347 - root - INFO - Epoch mean loss: 0.26779817844846565
2024-06-02 11:13:48,347 - root - INFO - val auc: 0.9793138364869757, new node val auc: 0.9731457991803277
2024-06-02 11:13:48,347 - root - INFO - val ap: 0.9809454199773694, new node val ap: 0.9757135422418843
2024-06-02 11:13:48,418 - root - INFO - start 11 epoch
2024-06-02 11:14:34,566 - root - INFO - epoch: 11 took 46.19s
2024-06-02 11:14:34,567 - root - INFO - Epoch mean loss: 0.2566668586484317
2024-06-02 11:14:34,567 - root - INFO - val auc: 0.9807893190609576, new node val auc: 0.9746021516393444
2024-06-02 11:14:34,567 - root - INFO - val ap: 0.9821351285279682, new node val ap: 0.976823820581569
2024-06-02 11:14:34,665 - root - INFO - start 12 epoch
2024-06-02 11:15:20,156 - root - INFO - epoch: 12 took 45.56s
2024-06-02 11:15:20,156 - root - INFO - Epoch mean loss: 0.24355938764555113
2024-06-02 11:15:20,156 - root - INFO - val auc: 0.9810316540902074, new node val auc: 0.9752461065573772
2024-06-02 11:15:20,156 - root - INFO - val ap: 0.9824154732650989, new node val ap: 0.97731541006647
2024-06-02 11:15:20,262 - root - INFO - start 13 epoch
2024-06-02 11:16:10,943 - root - INFO - epoch: 13 took 50.76s
2024-06-02 11:16:10,943 - root - INFO - Epoch mean loss: 0.2373683861470575
2024-06-02 11:16:10,943 - root - INFO - val auc: 0.9809793660321272, new node val auc: 0.9743765368852457
2024-06-02 11:16:10,943 - root - INFO - val ap: 0.9824150745577275, new node val ap: 0.9764643171250174
2024-06-02 11:16:11,016 - root - INFO - start 14 epoch
2024-06-02 11:17:01,216 - root - INFO - epoch: 14 took 50.24s
2024-06-02 11:17:01,216 - root - INFO - Epoch mean loss: 0.228453725301133
2024-06-02 11:17:01,216 - root - INFO - val auc: 0.9824114631566913, new node val auc: 0.9776683401639346
2024-06-02 11:17:01,217 - root - INFO - val ap: 0.9835420332801992, new node val ap: 0.9793774155737524
2024-06-02 11:17:01,294 - root - INFO - start 15 epoch
2024-06-02 11:17:46,150 - root - INFO - epoch: 15 took 44.90s
2024-06-02 11:17:46,150 - root - INFO - Epoch mean loss: 0.22014018038076721
2024-06-02 11:17:46,150 - root - INFO - val auc: 0.98149955077269, new node val auc: 0.9761279713114756
2024-06-02 11:17:46,150 - root - INFO - val ap: 0.9826635312796735, new node val ap: 0.9779011792973341
2024-06-02 11:17:46,221 - root - INFO - start 16 epoch
2024-06-02 11:18:32,160 - root - INFO - epoch: 16 took 45.98s
2024-06-02 11:18:32,161 - root - INFO - Epoch mean loss: 0.21271729909727727
2024-06-02 11:18:32,161 - root - INFO - val auc: 0.9821353336572723, new node val auc: 0.9760885245901638
2024-06-02 11:18:32,161 - root - INFO - val ap: 0.9833865695192343, new node val ap: 0.9778801011319715
2024-06-02 11:18:32,231 - root - INFO - start 17 epoch
2024-06-02 11:19:17,150 - root - INFO - epoch: 17 took 44.96s
2024-06-02 11:19:17,151 - root - INFO - Epoch mean loss: 0.20715909922871684
2024-06-02 11:19:17,151 - root - INFO - val auc: 0.9810286733741114, new node val auc: 0.9743428278688523
2024-06-02 11:19:17,151 - root - INFO - val ap: 0.9825038747901377, new node val ap: 0.9763037160256065
2024-06-02 11:19:17,241 - root - INFO - start 18 epoch
2024-06-02 11:20:03,443 - root - INFO - epoch: 18 took 46.26s
2024-06-02 11:20:03,444 - root - INFO - Epoch mean loss: 0.20224518703269254
2024-06-02 11:20:03,444 - root - INFO - val auc: 0.981310980582709, new node val auc: 0.9744306352459017
2024-06-02 11:20:03,444 - root - INFO - val ap: 0.982618461008262, new node val ap: 0.9766526055196723
2024-06-02 11:20:03,514 - root - INFO - start 19 epoch
2024-06-02 11:20:50,187 - root - INFO - epoch: 19 took 46.71s
2024-06-02 11:20:50,188 - root - INFO - Epoch mean loss: 0.19667963300065455
2024-06-02 11:20:50,188 - root - INFO - val auc: 0.9820581642180681, new node val auc: 0.9763850409836065
2024-06-02 11:20:50,188 - root - INFO - val ap: 0.9832338465122572, new node val ap: 0.97830430039148
2024-06-02 11:20:50,188 - root - INFO - No improvement over 5 epochs, stop training
2024-06-02 11:20:50,188 - root - INFO - Loading the best model at epoch 14
2024-06-02 11:20:50,202 - root - INFO - Loaded the best model at epoch 14 for inference
2024-06-02 11:21:02,916 - root - INFO - Test statistics: Old nodes -- auc: 0.9776176470588234, ap: 0.9793819112150398
2024-06-02 11:21:02,916 - root - INFO - Test statistics: New nodes -- auc: 0.9672999074845408, ap: 0.9691810504621446
2024-06-02 11:21:02,917 - root - INFO - Saving TGN model
2024-06-02 11:21:03,329 - root - INFO - TGN model saved
