2024-06-02 02:43:09,155 - root - INFO - Namespace(data='reddit', bs=200, prefix='ptgn-attn-reddit', n_degree=10, n_head=2, n_epoch=50, n_layer=1, lr=0.0001, patience=5, n_runs=10, drop_out=0.1, gpu=0, node_dim=100, time_dim=100, backprop_every=1, use_memory=True, embedding_module='graph_attention', message_function='identity', memory_updater='gru', aggregator='last', memory_update_at_end=False, message_dim=100, memory_dim=172, different_new_nodes=False, uniform=False, randomize_features=False, use_destination_embedding_in_message=False, use_source_embedding_in_message=False, dyrep=False, use_position=False, position_embedding_dim=100)
2024-06-02 02:43:19,332 - root - INFO - num of training instances: 389989
2024-06-02 02:43:19,332 - root - INFO - num of batches per epoch: 1950
2024-06-02 02:43:19,335 - root - INFO - start 0 epoch
2024-06-02 02:45:42,265 - root - INFO - epoch: 0 took 142.93s
2024-06-02 02:45:42,265 - root - INFO - Epoch mean loss: 0.47365564693243073
2024-06-02 02:45:42,265 - root - INFO - val auc: 0.9772002174898377, new node val auc: 0.9271521567937194
2024-06-02 02:45:42,265 - root - INFO - val ap: 0.9778617691584663, new node val ap: 0.9291110086488861
2024-06-02 02:45:42,314 - root - INFO - start 1 epoch
2024-06-02 02:48:08,306 - root - INFO - epoch: 1 took 146.02s
2024-06-02 02:48:08,307 - root - INFO - Epoch mean loss: 0.3785434294816775
2024-06-02 02:48:08,307 - root - INFO - val auc: 0.9808241381462717, new node val auc: 0.9362494181840978
2024-06-02 02:48:08,307 - root - INFO - val ap: 0.9813088749137626, new node val ap: 0.9416852184196947
2024-06-02 02:48:08,357 - root - INFO - start 2 epoch
2024-06-02 02:50:36,237 - root - INFO - epoch: 2 took 147.91s
2024-06-02 02:50:36,237 - root - INFO - Epoch mean loss: 0.3501459876849101
2024-06-02 02:50:36,238 - root - INFO - val auc: 0.9815803289063033, new node val auc: 0.9543869639963736
2024-06-02 02:50:36,238 - root - INFO - val ap: 0.9822668642234545, new node val ap: 0.9582841505793156
2024-06-02 02:50:36,286 - root - INFO - start 3 epoch
2024-06-02 02:53:02,299 - root - INFO - epoch: 3 took 146.05s
2024-06-02 02:53:02,299 - root - INFO - Epoch mean loss: 0.3377579923470815
2024-06-02 02:53:02,299 - root - INFO - val auc: 0.983064586332046, new node val auc: 0.9478594684329309
2024-06-02 02:53:02,299 - root - INFO - val ap: 0.9835883650459918, new node val ap: 0.9523493687088527
2024-06-02 02:53:02,347 - root - INFO - start 4 epoch
2024-06-02 02:55:26,610 - root - INFO - epoch: 4 took 144.30s
2024-06-02 02:55:26,611 - root - INFO - Epoch mean loss: 0.3271129506215071
2024-06-02 02:55:26,611 - root - INFO - val auc: 0.9820383743816018, new node val auc: 0.9465905879885036
2024-06-02 02:55:26,611 - root - INFO - val ap: 0.9829596532674914, new node val ap: 0.9524324163509557
2024-06-02 02:55:26,659 - root - INFO - start 5 epoch
2024-06-02 02:57:50,591 - root - INFO - epoch: 5 took 143.97s
2024-06-02 02:57:50,592 - root - INFO - Epoch mean loss: 0.32181517491738004
2024-06-02 02:57:50,592 - root - INFO - val auc: 0.9839616363652405, new node val auc: 0.95250767355619
2024-06-02 02:57:50,592 - root - INFO - val ap: 0.9843702900423092, new node val ap: 0.9565337157062908
2024-06-02 02:57:50,639 - root - INFO - start 6 epoch
2024-06-02 03:00:14,847 - root - INFO - epoch: 6 took 144.24s
2024-06-02 03:00:14,847 - root - INFO - Epoch mean loss: 0.31474926072817583
2024-06-02 03:00:14,847 - root - INFO - val auc: 0.9845234477181846, new node val auc: 0.9476158768469582
2024-06-02 03:00:14,848 - root - INFO - val ap: 0.9851302129021678, new node val ap: 0.9529070226513541
2024-06-02 03:00:14,895 - root - INFO - start 7 epoch
2024-06-02 03:02:39,479 - root - INFO - epoch: 7 took 144.62s
2024-06-02 03:02:39,480 - root - INFO - Epoch mean loss: 0.3102816483225578
2024-06-02 03:02:39,480 - root - INFO - val auc: 0.9843270438905664, new node val auc: 0.9513912578121986
2024-06-02 03:02:39,480 - root - INFO - val ap: 0.984863316337684, new node val ap: 0.9558740029844649
2024-06-02 03:02:39,527 - root - INFO - start 8 epoch
2024-06-02 03:05:04,036 - root - INFO - epoch: 8 took 144.54s
2024-06-02 03:05:04,036 - root - INFO - Epoch mean loss: 0.3080330330439103
2024-06-02 03:05:04,036 - root - INFO - val auc: 0.9846999505557038, new node val auc: 0.949804646088114
2024-06-02 03:05:04,036 - root - INFO - val ap: 0.9851819920825831, new node val ap: 0.9551273798349262
2024-06-02 03:05:04,085 - root - INFO - start 9 epoch
2024-06-02 03:07:24,231 - root - INFO - epoch: 9 took 140.18s
2024-06-02 03:07:24,231 - root - INFO - Epoch mean loss: 0.30177061882538675
2024-06-02 03:07:24,231 - root - INFO - val auc: 0.9846596756372563, new node val auc: 0.9510908276590408
2024-06-02 03:07:24,231 - root - INFO - val ap: 0.9851748818927414, new node val ap: 0.9557402280177169
2024-06-02 03:07:24,278 - root - INFO - start 10 epoch
2024-06-02 03:07:31,990 - root - ERROR - Something wrong in how the memory was updated
