2024-06-02 14:39:56,357 - root - INFO - Namespace(data='wikipedia', bs=200, prefix='ptgn-attn', n_degree=10, n_head=4, n_epoch=50, n_layer=1, lr=0.0001, patience=5, n_runs=5, drop_out=0.1, gpu=0, node_dim=100, time_dim=100, backprop_every=1, use_memory=True, embedding_module='graph_attention', message_function='identity', memory_updater='gru', aggregator='last', memory_update_at_end=False, message_dim=100, memory_dim=172, different_new_nodes=False, uniform=False, randomize_features=False, use_destination_embedding_in_message=False, use_source_embedding_in_message=False, dyrep=False, use_position=True, position_embedding_dim=8)
2024-06-02 14:39:58,590 - root - INFO - num of training instances: 81029
2024-06-02 14:39:58,590 - root - INFO - num of batches per epoch: 406
2024-06-02 14:39:58,594 - root - INFO - start 0 epoch
2024-06-02 14:40:50,987 - root - INFO - epoch: 0 took 52.40s
2024-06-02 14:40:50,987 - root - INFO - Epoch mean loss: 0.6746905416690657
2024-06-02 14:40:50,987 - root - INFO - val auc: 0.9475957630671318, new node val auc: 0.9526006147540983
2024-06-02 14:40:50,987 - root - INFO - val ap: 0.9452800495669657, new node val ap: 0.9535073198502948
2024-06-02 14:40:51,056 - root - INFO - start 1 epoch
2024-06-02 14:41:50,088 - root - INFO - epoch: 1 took 59.08s
2024-06-02 14:41:50,088 - root - INFO - Epoch mean loss: 0.5272455147921745
2024-06-02 14:41:50,088 - root - INFO - val auc: 0.9532251352922121, new node val auc: 0.9536400614754098
2024-06-02 14:41:50,088 - root - INFO - val ap: 0.9567906652750948, new node val ap: 0.9559665189847915
2024-06-02 14:41:50,160 - root - INFO - start 2 epoch
2024-06-02 14:42:50,067 - root - INFO - epoch: 2 took 59.96s
2024-06-02 14:42:50,067 - root - INFO - Epoch mean loss: 0.4775567390208174
2024-06-02 14:42:50,067 - root - INFO - val auc: 0.9650544055717526, new node val auc: 0.9629401639344262
2024-06-02 14:42:50,067 - root - INFO - val ap: 0.9674930911585107, new node val ap: 0.9657241500583811
2024-06-02 14:42:50,138 - root - INFO - start 3 epoch
2024-06-02 14:43:50,102 - root - INFO - epoch: 3 took 60.02s
2024-06-02 14:43:50,103 - root - INFO - Epoch mean loss: 0.451342447894841
2024-06-02 14:43:50,103 - root - INFO - val auc: 0.9673311715162257, new node val auc: 0.9665652663934426
2024-06-02 14:43:50,103 - root - INFO - val ap: 0.9687211269973864, new node val ap: 0.9687296628790143
2024-06-02 14:43:50,170 - root - INFO - start 4 epoch
2024-06-02 14:44:50,216 - root - INFO - epoch: 4 took 60.09s
2024-06-02 14:44:50,216 - root - INFO - Epoch mean loss: 0.43243335543448114
2024-06-02 14:44:50,216 - root - INFO - val auc: 0.9702016547095028, new node val auc: 0.9651408811475409
2024-06-02 14:44:50,216 - root - INFO - val ap: 0.9719232065049208, new node val ap: 0.9677189173629261
2024-06-02 14:44:50,285 - root - INFO - start 5 epoch
2024-06-02 14:45:50,057 - root - INFO - epoch: 5 took 59.82s
2024-06-02 14:45:50,057 - root - INFO - Epoch mean loss: 0.4257214667248021
2024-06-02 14:45:50,057 - root - INFO - val auc: 0.9713228076945066, new node val auc: 0.9673154713114753
2024-06-02 14:45:50,057 - root - INFO - val ap: 0.9724934208433789, new node val ap: 0.9694328705377776
2024-06-02 14:45:50,126 - root - INFO - start 6 epoch
2024-06-02 14:46:50,700 - root - INFO - epoch: 6 took 60.62s
2024-06-02 14:46:50,700 - root - INFO - Epoch mean loss: 0.4047743617901074
2024-06-02 14:46:50,700 - root - INFO - val auc: 0.9742407729758572, new node val auc: 0.9707194672131148
2024-06-02 14:46:50,700 - root - INFO - val ap: 0.9752586252638407, new node val ap: 0.9728557103212515
2024-06-02 14:46:50,770 - root - INFO - start 7 epoch
2024-06-02 14:47:51,222 - root - INFO - epoch: 7 took 60.50s
2024-06-02 14:47:51,222 - root - INFO - Epoch mean loss: 0.39305056143423606
2024-06-02 14:47:51,222 - root - INFO - val auc: 0.9737761066331294, new node val auc: 0.9696255122950819
2024-06-02 14:47:51,222 - root - INFO - val ap: 0.9744001456441831, new node val ap: 0.9717814324134719
2024-06-02 14:47:51,292 - root - INFO - start 8 epoch
2024-06-02 14:48:51,826 - root - INFO - epoch: 8 took 60.58s
2024-06-02 14:48:51,826 - root - INFO - Epoch mean loss: 0.3802807538820605
2024-06-02 14:48:51,826 - root - INFO - val auc: 0.9753279973894321, new node val auc: 0.9709687500000002
2024-06-02 14:48:51,826 - root - INFO - val ap: 0.9761705723162147, new node val ap: 0.9727720919911641
2024-06-02 14:48:51,897 - root - INFO - start 9 epoch
2024-06-02 14:49:52,663 - root - INFO - epoch: 9 took 60.82s
2024-06-02 14:49:52,663 - root - INFO - Epoch mean loss: 0.3701135435054455
2024-06-02 14:49:52,663 - root - INFO - val auc: 0.9760891318432136, new node val auc: 0.9727800204918033
2024-06-02 14:49:52,663 - root - INFO - val ap: 0.9766526439433558, new node val ap: 0.9744346442910617
2024-06-02 14:49:52,734 - root - INFO - start 10 epoch
2024-06-02 14:50:53,503 - root - INFO - epoch: 10 took 60.82s
2024-06-02 14:50:53,504 - root - INFO - Epoch mean loss: 0.3604366081615387
2024-06-02 14:50:53,504 - root - INFO - val auc: 0.9795518221574344, new node val auc: 0.9763451844262294
2024-06-02 14:50:53,504 - root - INFO - val ap: 0.9803579434797947, new node val ap: 0.9781712742697283
2024-06-02 14:50:53,572 - root - INFO - start 11 epoch
2024-06-02 14:51:54,530 - root - INFO - epoch: 11 took 61.01s
2024-06-02 14:51:54,530 - root - INFO - Epoch mean loss: 0.33783830518793
2024-06-02 14:51:54,530 - root - INFO - val auc: 0.982023483679186, new node val auc: 0.9776513319672131
2024-06-02 14:51:54,530 - root - INFO - val ap: 0.9829995463450378, new node val ap: 0.9795776613772402
2024-06-02 14:51:54,600 - root - INFO - start 12 epoch
2024-06-02 14:52:55,228 - root - INFO - epoch: 12 took 60.68s
2024-06-02 14:52:55,228 - root - INFO - Epoch mean loss: 0.33252388393056803
2024-06-02 14:52:55,228 - root - INFO - val auc: 0.9827669315345186, new node val auc: 0.9799262295081965
2024-06-02 14:52:55,229 - root - INFO - val ap: 0.9837657951399376, new node val ap: 0.9814546201308365
2024-06-02 14:52:55,298 - root - INFO - start 13 epoch
2024-06-02 14:53:55,874 - root - INFO - epoch: 13 took 60.63s
2024-06-02 14:53:55,874 - root - INFO - Epoch mean loss: 0.3204748147520526
2024-06-02 14:53:55,874 - root - INFO - val auc: 0.9841003120295736, new node val auc: 0.9796080942622953
2024-06-02 14:53:55,874 - root - INFO - val ap: 0.9849413415646311, new node val ap: 0.9810916696399428
2024-06-02 14:53:55,943 - root - INFO - start 14 epoch
2024-06-02 14:54:56,480 - root - INFO - epoch: 14 took 60.59s
2024-06-02 14:54:56,480 - root - INFO - Epoch mean loss: 0.31731042618234756
2024-06-02 14:54:56,480 - root - INFO - val auc: 0.9833161474113455, new node val auc: 0.9797242827868853
2024-06-02 14:54:56,480 - root - INFO - val ap: 0.9840667190195158, new node val ap: 0.981366875102792
2024-06-02 14:54:56,548 - root - INFO - start 15 epoch
2024-06-02 14:55:57,235 - root - INFO - epoch: 15 took 60.74s
2024-06-02 14:55:57,236 - root - INFO - Epoch mean loss: 0.3103628531832413
2024-06-02 14:55:57,236 - root - INFO - val auc: 0.98420547885821, new node val auc: 0.9806438524590163
2024-06-02 14:55:57,236 - root - INFO - val ap: 0.9850696736818922, new node val ap: 0.9823675132753397
2024-06-02 14:55:57,304 - root - INFO - start 16 epoch
2024-06-02 14:56:58,103 - root - INFO - epoch: 16 took 60.85s
2024-06-02 14:56:58,103 - root - INFO - Epoch mean loss: 0.31235944773322843
2024-06-02 14:56:58,103 - root - INFO - val auc: 0.9830169055717527, new node val auc: 0.9780828893442624
2024-06-02 14:56:58,103 - root - INFO - val ap: 0.9838540507605602, new node val ap: 0.9798247666686362
2024-06-02 14:56:58,173 - root - INFO - start 17 epoch
2024-06-02 14:57:57,434 - root - INFO - epoch: 17 took 59.31s
2024-06-02 14:57:57,434 - root - INFO - Epoch mean loss: 0.30757827610878524
2024-06-02 14:57:57,434 - root - INFO - val auc: 0.9843574944263419, new node val auc: 0.9801706967213115
2024-06-02 14:57:57,434 - root - INFO - val ap: 0.9850220946308432, new node val ap: 0.9816790119887903
2024-06-02 14:57:57,495 - root - INFO - start 18 epoch
2024-06-02 14:58:55,171 - root - INFO - epoch: 18 took 57.72s
2024-06-02 14:58:55,171 - root - INFO - Epoch mean loss: 0.3036608933081181
2024-06-02 14:58:55,171 - root - INFO - val auc: 0.9840103929667104, new node val auc: 0.9805828893442623
2024-06-02 14:58:55,172 - root - INFO - val ap: 0.984815661979195, new node val ap: 0.9821967612034596
2024-06-02 14:58:55,236 - root - INFO - start 19 epoch
2024-06-02 14:59:53,348 - root - INFO - epoch: 19 took 58.16s
2024-06-02 14:59:53,348 - root - INFO - Epoch mean loss: 0.2953233533158091
2024-06-02 14:59:53,348 - root - INFO - val auc: 0.985121002210408, new node val auc: 0.9828732581967214
2024-06-02 14:59:53,348 - root - INFO - val ap: 0.9857984474360829, new node val ap: 0.9841819057223123
2024-06-02 14:59:53,412 - root - INFO - start 20 epoch
2024-06-02 15:00:51,246 - root - INFO - epoch: 20 took 57.88s
2024-06-02 15:00:51,246 - root - INFO - Epoch mean loss: 0.29523092805605217
2024-06-02 15:00:51,246 - root - INFO - val auc: 0.9853252891632844, new node val auc: 0.9824775614754099
2024-06-02 15:00:51,246 - root - INFO - val ap: 0.9857036008625597, new node val ap: 0.9836863989121547
2024-06-02 15:00:51,315 - root - INFO - start 21 epoch
2024-06-02 15:01:48,839 - root - INFO - epoch: 21 took 57.57s
2024-06-02 15:01:48,839 - root - INFO - Epoch mean loss: 0.2925470245295557
2024-06-02 15:01:48,839 - root - INFO - val auc: 0.9848425327273767, new node val auc: 0.9818565573770494
2024-06-02 15:01:48,839 - root - INFO - val ap: 0.9850286602179481, new node val ap: 0.9832435212362
2024-06-02 15:01:48,904 - root - INFO - start 22 epoch
2024-06-02 15:02:46,298 - root - INFO - epoch: 22 took 57.44s
2024-06-02 15:02:46,299 - root - INFO - Epoch mean loss: 0.29078580725369196
2024-06-02 15:02:46,299 - root - INFO - val auc: 0.9850742158768271, new node val auc: 0.9824146516393444
2024-06-02 15:02:46,299 - root - INFO - val ap: 0.9853812334738814, new node val ap: 0.9837964871751587
2024-06-02 15:02:46,362 - root - INFO - start 23 epoch
2024-06-02 15:03:43,786 - root - INFO - epoch: 23 took 57.47s
2024-06-02 15:03:43,787 - root - INFO - Epoch mean loss: 0.2860943165612338
2024-06-02 15:03:43,787 - root - INFO - val auc: 0.9855065688180031, new node val auc: 0.9832121926229508
2024-06-02 15:03:43,787 - root - INFO - val ap: 0.985852028981698, new node val ap: 0.9845325254553811
2024-06-02 15:03:43,849 - root - INFO - start 24 epoch
2024-06-02 15:04:41,076 - root - INFO - epoch: 24 took 57.27s
2024-06-02 15:04:41,076 - root - INFO - Epoch mean loss: 0.27964849608578707
2024-06-02 15:04:41,076 - root - INFO - val auc: 0.9859137512147716, new node val auc: 0.9831745901639345
2024-06-02 15:04:41,076 - root - INFO - val ap: 0.9862612725307772, new node val ap: 0.9845911893757894
2024-06-02 15:04:41,141 - root - INFO - start 25 epoch
2024-06-02 15:05:38,303 - root - INFO - epoch: 25 took 57.21s
2024-06-02 15:05:38,303 - root - INFO - Epoch mean loss: 0.28085982193940967
2024-06-02 15:05:38,303 - root - INFO - val auc: 0.9860786276415329, new node val auc: 0.9835732581967213
2024-06-02 15:05:38,303 - root - INFO - val ap: 0.9864441980246298, new node val ap: 0.9848329916186062
2024-06-02 15:05:38,365 - root - INFO - start 26 epoch
2024-06-02 15:06:35,335 - root - INFO - epoch: 26 took 57.01s
2024-06-02 15:06:35,336 - root - INFO - Epoch mean loss: 0.279513923955962
2024-06-02 15:06:35,336 - root - INFO - val auc: 0.9855517597515197, new node val auc: 0.9824998975409835
2024-06-02 15:06:35,336 - root - INFO - val ap: 0.9860286068419659, new node val ap: 0.9838013745684454
2024-06-02 15:06:35,398 - root - INFO - start 27 epoch
2024-06-02 15:07:33,341 - root - INFO - epoch: 27 took 57.99s
2024-06-02 15:07:33,341 - root - INFO - Epoch mean loss: 0.27272684607893377
2024-06-02 15:07:33,342 - root - INFO - val auc: 0.9860012543112484, new node val auc: 0.983933606557377
2024-06-02 15:07:33,342 - root - INFO - val ap: 0.9867434265536787, new node val ap: 0.9852945916178137
2024-06-02 15:07:33,405 - root - INFO - start 28 epoch
2024-06-02 15:08:30,493 - root - INFO - epoch: 28 took 57.13s
2024-06-02 15:08:30,493 - root - INFO - Epoch mean loss: 0.2768800093475821
2024-06-02 15:08:30,493 - root - INFO - val auc: 0.9851610887212027, new node val auc: 0.982528893442623
2024-06-02 15:08:30,493 - root - INFO - val ap: 0.9858411948436376, new node val ap: 0.9840609994770143
2024-06-02 15:08:30,556 - root - INFO - start 29 epoch
2024-06-02 15:09:28,041 - root - INFO - epoch: 29 took 57.53s
2024-06-02 15:09:28,041 - root - INFO - Epoch mean loss: 0.276293803446839
2024-06-02 15:09:28,041 - root - INFO - val auc: 0.9862322676689723, new node val auc: 0.9828401639344261
2024-06-02 15:09:28,041 - root - INFO - val ap: 0.9866150411671697, new node val ap: 0.9842267326090672
2024-06-02 15:09:28,105 - root - INFO - start 30 epoch
2024-06-02 15:10:25,853 - root - INFO - epoch: 30 took 57.79s
2024-06-02 15:10:25,853 - root - INFO - Epoch mean loss: 0.2715784928261353
2024-06-02 15:10:25,853 - root - INFO - val auc: 0.9866327045103755, new node val auc: 0.9838200819672129
2024-06-02 15:10:25,853 - root - INFO - val ap: 0.9868961098819633, new node val ap: 0.9852602653674161
2024-06-02 15:10:25,917 - root - INFO - start 31 epoch
2024-06-02 15:11:23,803 - root - INFO - epoch: 31 took 57.93s
2024-06-02 15:11:23,803 - root - INFO - Epoch mean loss: 0.268115006313829
2024-06-02 15:11:23,803 - root - INFO - val auc: 0.9866557118085328, new node val auc: 0.9835422131147541
2024-06-02 15:11:23,803 - root - INFO - val ap: 0.9872258369411814, new node val ap: 0.9846523838860215
2024-06-02 15:11:23,866 - root - INFO - start 32 epoch
2024-06-02 15:12:21,765 - root - INFO - epoch: 32 took 57.94s
2024-06-02 15:12:21,766 - root - INFO - Epoch mean loss: 0.26669456149116527
2024-06-02 15:12:21,766 - root - INFO - val auc: 0.9864862363993218, new node val auc: 0.9836761270491803
2024-06-02 15:12:21,766 - root - INFO - val ap: 0.9869181527512347, new node val ap: 0.9850392138538808
2024-06-02 15:12:21,830 - root - INFO - start 33 epoch
2024-06-02 15:13:19,536 - root - INFO - epoch: 33 took 57.75s
2024-06-02 15:13:19,537 - root - INFO - Epoch mean loss: 0.264212800767915
2024-06-02 15:13:19,537 - root - INFO - val auc: 0.9866168005297359, new node val auc: 0.9834772540983607
2024-06-02 15:13:19,537 - root - INFO - val ap: 0.9870560971652409, new node val ap: 0.9848934126637254
2024-06-02 15:13:19,597 - root - INFO - start 34 epoch
2024-06-02 15:14:17,178 - root - INFO - epoch: 34 took 57.62s
2024-06-02 15:14:17,179 - root - INFO - Epoch mean loss: 0.2604495465498546
2024-06-02 15:14:17,179 - root - INFO - val auc: 0.9867138822195546, new node val auc: 0.9842580942622949
2024-06-02 15:14:17,179 - root - INFO - val ap: 0.9873729790134043, new node val ap: 0.9854537109337044
2024-06-02 15:14:17,242 - root - INFO - start 35 epoch
2024-06-02 15:15:15,005 - root - INFO - epoch: 35 took 57.81s
2024-06-02 15:15:15,005 - root - INFO - Epoch mean loss: 0.26181624273728266
2024-06-02 15:15:15,005 - root - INFO - val auc: 0.9865194920825473, new node val auc: 0.983657786885246
2024-06-02 15:15:15,005 - root - INFO - val ap: 0.9869720041670806, new node val ap: 0.9849536756569088
2024-06-02 15:15:15,067 - root - INFO - start 36 epoch
2024-06-02 15:16:12,729 - root - INFO - epoch: 36 took 57.71s
2024-06-02 15:16:12,730 - root - INFO - Epoch mean loss: 0.26016942844749086
2024-06-02 15:16:12,730 - root - INFO - val auc: 0.9863743240153203, new node val auc: 0.9836269467213116
2024-06-02 15:16:12,730 - root - INFO - val ap: 0.9865996798806445, new node val ap: 0.9848454586581081
2024-06-02 15:16:12,794 - root - INFO - start 37 epoch
2024-06-02 15:17:09,841 - root - INFO - epoch: 37 took 57.09s
2024-06-02 15:17:09,841 - root - INFO - Epoch mean loss: 0.2583832756932733
2024-06-02 15:17:09,841 - root - INFO - val auc: 0.9867151229539435, new node val auc: 0.9839893442622951
2024-06-02 15:17:09,841 - root - INFO - val ap: 0.9870198036458091, new node val ap: 0.9849993828836276
2024-06-02 15:17:09,904 - root - INFO - start 38 epoch
2024-06-02 15:18:07,453 - root - INFO - epoch: 38 took 57.59s
2024-06-02 15:18:07,454 - root - INFO - Epoch mean loss: 0.2573878359912064
2024-06-02 15:18:07,454 - root - INFO - val auc: 0.9859083180891407, new node val auc: 0.9833643442622951
2024-06-02 15:18:07,454 - root - INFO - val ap: 0.9862618451453172, new node val ap: 0.9846224338254218
2024-06-02 15:18:07,517 - root - INFO - start 39 epoch
2024-06-02 15:19:05,296 - root - INFO - epoch: 39 took 57.82s
2024-06-02 15:19:05,297 - root - INFO - Epoch mean loss: 0.25734085756643066
2024-06-02 15:19:05,297 - root - INFO - val auc: 0.9865253744354887, new node val auc: 0.9839360655737703
2024-06-02 15:19:05,297 - root - INFO - val ap: 0.9869479437554622, new node val ap: 0.9852174086019095
2024-06-02 15:19:05,297 - root - INFO - No improvement over 5 epochs, stop training
2024-06-02 15:19:05,297 - root - INFO - Loading the best model at epoch 34
2024-06-02 15:19:05,311 - root - INFO - Loaded the best model at epoch 34 for inference
2024-06-02 15:19:21,686 - root - INFO - Test statistics: Old nodes -- auc: 0.984092936222108, ap: 0.9848089660429113
2024-06-02 15:19:21,686 - root - INFO - Test statistics: New nodes -- auc: 0.9779077388580948, ap: 0.9787247375050366
2024-06-02 15:19:21,687 - root - INFO - Saving TGN model
2024-06-02 15:19:21,993 - root - INFO - TGN model saved
2024-06-02 15:19:22,162 - root - INFO - num of training instances: 81029
2024-06-02 15:19:22,163 - root - INFO - num of batches per epoch: 406
2024-06-02 15:19:22,166 - root - INFO - start 0 epoch
2024-06-02 15:20:12,859 - root - INFO - epoch: 0 took 50.70s
2024-06-02 15:20:12,859 - root - INFO - Epoch mean loss: 0.7076180634533831
2024-06-02 15:20:12,859 - root - INFO - val auc: 0.929462540730578, new node val auc: 0.9328714139344262
2024-06-02 15:20:12,859 - root - INFO - val ap: 0.9341024982098234, new node val ap: 0.9379295707524221
2024-06-02 15:20:12,928 - root - INFO - start 1 epoch
2024-06-02 15:21:09,635 - root - INFO - epoch: 1 took 56.75s
2024-06-02 15:21:09,635 - root - INFO - Epoch mean loss: 0.5566208285504374
2024-06-02 15:21:09,635 - root - INFO - val auc: 0.9609796718687472, new node val auc: 0.9615558401639345
2024-06-02 15:21:09,635 - root - INFO - val ap: 0.9633339315810411, new node val ap: 0.9640745598482219
2024-06-02 15:21:09,711 - root - INFO - start 2 epoch
2024-06-02 15:22:07,572 - root - INFO - epoch: 2 took 57.91s
2024-06-02 15:22:07,572 - root - INFO - Epoch mean loss: 0.4838744287420376
2024-06-02 15:22:07,572 - root - INFO - val auc: 0.9644849301625413, new node val auc: 0.9636302254098361
2024-06-02 15:22:07,572 - root - INFO - val ap: 0.9667719403191818, new node val ap: 0.9658597241040804
2024-06-02 15:22:07,642 - root - INFO - start 3 epoch
2024-06-02 15:23:04,669 - root - INFO - epoch: 3 took 57.07s
2024-06-02 15:23:04,669 - root - INFO - Epoch mean loss: 0.43971016735132107
2024-06-02 15:23:04,669 - root - INFO - val auc: 0.9701481487833229, new node val auc: 0.9683831967213115
2024-06-02 15:23:04,669 - root - INFO - val ap: 0.9716352631106063, new node val ap: 0.9700093872910046
2024-06-02 15:23:04,761 - root - INFO - start 4 epoch
2024-06-02 15:24:01,670 - root - INFO - epoch: 4 took 56.98s
2024-06-02 15:24:01,670 - root - INFO - Epoch mean loss: 0.427688135045209
2024-06-02 15:24:01,670 - root - INFO - val auc: 0.9722904609462832, new node val auc: 0.9698545081967213
2024-06-02 15:24:01,671 - root - INFO - val ap: 0.9733650737448778, new node val ap: 0.9713346062503802
2024-06-02 15:24:01,741 - root - INFO - start 5 epoch
2024-06-02 15:24:59,159 - root - INFO - epoch: 5 took 57.47s
2024-06-02 15:24:59,159 - root - INFO - Epoch mean loss: 0.40642121294742733
2024-06-02 15:24:59,159 - root - INFO - val auc: 0.9721526729739514, new node val auc: 0.9692482581967213
2024-06-02 15:24:59,159 - root - INFO - val ap: 0.9732000459837155, new node val ap: 0.9712493206216183
2024-06-02 15:24:59,228 - root - INFO - start 6 epoch
2024-06-02 15:25:57,332 - root - INFO - epoch: 6 took 58.15s
2024-06-02 15:25:57,333 - root - INFO - Epoch mean loss: 0.40989944316777105
2024-06-02 15:25:57,333 - root - INFO - val auc: 0.9727766287467369, new node val auc: 0.969203381147541
2024-06-02 15:25:57,333 - root - INFO - val ap: 0.9741647045079664, new node val ap: 0.9712265947120992
2024-06-02 15:25:57,401 - root - INFO - start 7 epoch
2024-06-02 15:26:55,026 - root - INFO - epoch: 7 took 57.67s
2024-06-02 15:26:55,026 - root - INFO - Epoch mean loss: 0.39257643294745476
2024-06-02 15:26:55,026 - root - INFO - val auc: 0.9736434583357153, new node val auc: 0.9711220286885246
2024-06-02 15:26:55,027 - root - INFO - val ap: 0.9746015488691429, new node val ap: 0.973122601151709
2024-06-02 15:26:55,099 - root - INFO - start 8 epoch
2024-06-02 15:27:53,146 - root - INFO - epoch: 8 took 58.09s
2024-06-02 15:27:53,146 - root - INFO - Epoch mean loss: 0.3853314239256488
2024-06-02 15:27:53,146 - root - INFO - val auc: 0.9768870538691669, new node val auc: 0.9744717213114755
2024-06-02 15:27:53,146 - root - INFO - val ap: 0.9780673978962273, new node val ap: 0.9761912702027418
2024-06-02 15:27:53,214 - root - INFO - start 9 epoch
2024-06-02 15:28:50,557 - root - INFO - epoch: 9 took 57.39s
2024-06-02 15:28:50,557 - root - INFO - Epoch mean loss: 0.3530842101779477
2024-06-02 15:28:50,557 - root - INFO - val auc: 0.9796348220240477, new node val auc: 0.9770986680327867
2024-06-02 15:28:50,557 - root - INFO - val ap: 0.9804341281880382, new node val ap: 0.978553345569209
2024-06-02 15:28:50,626 - root - INFO - start 10 epoch
2024-06-02 15:29:48,355 - root - INFO - epoch: 10 took 57.77s
2024-06-02 15:29:48,355 - root - INFO - Epoch mean loss: 0.34389551060980766
2024-06-02 15:29:48,355 - root - INFO - val auc: 0.9811855770879779, new node val auc: 0.978423975409836
2024-06-02 15:29:48,355 - root - INFO - val ap: 0.9820696219458345, new node val ap: 0.979696033379923
2024-06-02 15:29:48,431 - root - INFO - start 11 epoch
2024-06-02 15:30:46,509 - root - INFO - epoch: 11 took 58.13s
2024-06-02 15:30:46,509 - root - INFO - Epoch mean loss: 0.3353209577390713
2024-06-02 15:30:46,509 - root - INFO - val auc: 0.982013353912994, new node val auc: 0.9778073770491802
2024-06-02 15:30:46,509 - root - INFO - val ap: 0.9830025777088347, new node val ap: 0.9796469301333602
2024-06-02 15:30:46,596 - root - INFO - start 12 epoch
2024-06-02 15:31:43,865 - root - INFO - epoch: 12 took 57.33s
2024-06-02 15:31:43,866 - root - INFO - Epoch mean loss: 0.32822182690128315
2024-06-02 15:31:43,866 - root - INFO - val auc: 0.9820466095962195, new node val auc: 0.9779243852459014
2024-06-02 15:31:43,866 - root - INFO - val ap: 0.9829333606311081, new node val ap: 0.9795281715878267
2024-06-02 15:31:43,934 - root - INFO - start 13 epoch
2024-06-02 15:32:41,521 - root - INFO - epoch: 13 took 57.63s
2024-06-02 15:32:41,521 - root - INFO - Epoch mean loss: 0.320503621265806
2024-06-02 15:32:41,521 - root - INFO - val auc: 0.9820001581585016, new node val auc: 0.9775743852459017
2024-06-02 15:32:41,521 - root - INFO - val ap: 0.9827714843939468, new node val ap: 0.9790808043952207
2024-06-02 15:32:41,591 - root - INFO - start 14 epoch
2024-06-02 15:33:39,215 - root - INFO - epoch: 14 took 57.67s
2024-06-02 15:33:39,216 - root - INFO - Epoch mean loss: 0.31622004615409033
2024-06-02 15:33:39,216 - root - INFO - val auc: 0.9838307742144476, new node val auc: 0.9797992827868851
2024-06-02 15:33:39,216 - root - INFO - val ap: 0.984778758024156, new node val ap: 0.9813874048791388
2024-06-02 15:33:39,285 - root - INFO - start 15 epoch
2024-06-02 15:34:36,500 - root - INFO - epoch: 15 took 57.26s
2024-06-02 15:34:36,501 - root - INFO - Epoch mean loss: 0.3064923437651742
2024-06-02 15:34:36,501 - root - INFO - val auc: 0.9837291954877189, new node val auc: 0.980443237704918
2024-06-02 15:34:36,501 - root - INFO - val ap: 0.9845745451786462, new node val ap: 0.9818556092665554
2024-06-02 15:34:36,569 - root - INFO - start 16 epoch
2024-06-02 15:35:34,110 - root - INFO - epoch: 16 took 57.59s
2024-06-02 15:35:34,110 - root - INFO - Epoch mean loss: 0.308604620507198
2024-06-02 15:35:34,110 - root - INFO - val auc: 0.9840746360448941, new node val auc: 0.9806294057377051
2024-06-02 15:35:34,110 - root - INFO - val ap: 0.9846838402506822, new node val ap: 0.9817145372230128
2024-06-02 15:35:34,178 - root - INFO - start 17 epoch
2024-06-02 15:36:32,225 - root - INFO - epoch: 17 took 58.09s
2024-06-02 15:36:32,225 - root - INFO - Epoch mean loss: 0.3053926127811371
2024-06-02 15:36:32,225 - root - INFO - val auc: 0.9846446168943769, new node val auc: 0.9813026639344263
2024-06-02 15:36:32,225 - root - INFO - val ap: 0.985426284731644, new node val ap: 0.9827493791500491
2024-06-02 15:36:32,295 - root - INFO - start 18 epoch
2024-06-02 15:37:29,550 - root - INFO - epoch: 18 took 57.30s
2024-06-02 15:37:29,550 - root - INFO - Epoch mean loss: 0.2968213588292963
2024-06-02 15:37:29,550 - root - INFO - val auc: 0.9841229980087272, new node val auc: 0.9810258196721311
2024-06-02 15:37:29,550 - root - INFO - val ap: 0.9848826020720016, new node val ap: 0.9825420806854926
2024-06-02 15:37:29,620 - root - INFO - start 19 epoch
2024-06-02 15:38:27,176 - root - INFO - epoch: 19 took 57.60s
2024-06-02 15:38:27,176 - root - INFO - Epoch mean loss: 0.2958414748751471
2024-06-02 15:38:27,176 - root - INFO - val auc: 0.9845321990701044, new node val auc: 0.9811591188524589
2024-06-02 15:38:27,176 - root - INFO - val ap: 0.9849742109351722, new node val ap: 0.9825555182816099
2024-06-02 15:38:27,249 - root - INFO - start 20 epoch
2024-06-02 15:39:24,693 - root - INFO - epoch: 20 took 57.49s
2024-06-02 15:39:24,694 - root - INFO - Epoch mean loss: 0.2887803361260245
2024-06-02 15:39:24,694 - root - INFO - val auc: 0.9852818475009052, new node val auc: 0.9822441598360656
2024-06-02 15:39:24,694 - root - INFO - val ap: 0.9861457937481174, new node val ap: 0.9838981214384219
2024-06-02 15:39:24,762 - root - INFO - start 21 epoch
2024-06-02 15:40:21,922 - root - INFO - epoch: 21 took 57.21s
2024-06-02 15:40:21,922 - root - INFO - Epoch mean loss: 0.2877785708076261
2024-06-02 15:40:21,922 - root - INFO - val auc: 0.9846163803616687, new node val auc: 0.9807459016393443
2024-06-02 15:40:21,922 - root - INFO - val ap: 0.9852993883180422, new node val ap: 0.9824796822041157
2024-06-02 15:40:22,000 - root - INFO - start 22 epoch
2024-06-02 15:41:18,990 - root - INFO - epoch: 22 took 57.04s
2024-06-02 15:41:18,990 - root - INFO - Epoch mean loss: 0.2878560196112823
2024-06-02 15:41:18,990 - root - INFO - val auc: 0.9858627007946035, new node val auc: 0.9835013319672131
2024-06-02 15:41:18,990 - root - INFO - val ap: 0.9863450389601419, new node val ap: 0.9848431230810657
2024-06-02 15:41:19,070 - root - INFO - start 23 epoch
2024-06-02 15:42:16,712 - root - INFO - epoch: 23 took 57.70s
2024-06-02 15:42:16,713 - root - INFO - Epoch mean loss: 0.28639904930820603
2024-06-02 15:42:16,713 - root - INFO - val auc: 0.984816186950971, new node val auc: 0.9814655737704917
2024-06-02 15:42:16,713 - root - INFO - val ap: 0.9849157908371116, new node val ap: 0.9827853108027722
2024-06-02 15:42:16,781 - root - INFO - start 24 epoch
2024-06-02 15:43:14,437 - root - INFO - epoch: 24 took 57.70s
2024-06-02 15:43:14,438 - root - INFO - Epoch mean loss: 0.2834960568347588
2024-06-02 15:43:14,438 - root - INFO - val auc: 0.9846779745231423, new node val auc: 0.9813761270491804
2024-06-02 15:43:14,438 - root - INFO - val ap: 0.9850872753621406, new node val ap: 0.9825199383538439
2024-06-02 15:43:14,507 - root - INFO - start 25 epoch
2024-06-02 15:44:12,292 - root - INFO - epoch: 25 took 57.83s
2024-06-02 15:44:12,292 - root - INFO - Epoch mean loss: 0.27916864430522687
2024-06-02 15:44:12,293 - root - INFO - val auc: 0.9857132946035558, new node val auc: 0.9836641393442622
2024-06-02 15:44:12,293 - root - INFO - val ap: 0.9863682056223145, new node val ap: 0.9849890650830321
2024-06-02 15:44:12,366 - root - INFO - start 26 epoch
2024-06-02 15:45:10,108 - root - INFO - epoch: 26 took 57.79s
2024-06-02 15:45:10,109 - root - INFO - Epoch mean loss: 0.2776807058290601
2024-06-02 15:45:10,109 - root - INFO - val auc: 0.9852731456868463, new node val auc: 0.9828493852459016
2024-06-02 15:45:10,109 - root - INFO - val ap: 0.9855101498841677, new node val ap: 0.9839893256409813
2024-06-02 15:45:10,186 - root - INFO - start 27 epoch
2024-06-02 15:46:07,885 - root - INFO - epoch: 27 took 57.75s
2024-06-02 15:46:07,885 - root - INFO - Epoch mean loss: 0.27953824628456475
2024-06-02 15:46:07,885 - root - INFO - val auc: 0.9862115255626058, new node val auc: 0.9835230532786885
2024-06-02 15:46:07,885 - root - INFO - val ap: 0.9867962064944508, new node val ap: 0.9848429536087641
2024-06-02 15:46:07,954 - root - INFO - start 28 epoch
2024-06-02 15:47:05,369 - root - INFO - epoch: 28 took 57.46s
2024-06-02 15:47:05,369 - root - INFO - Epoch mean loss: 0.2758892653464097
2024-06-02 15:47:05,370 - root - INFO - val auc: 0.9861620996017454, new node val auc: 0.9829308401639346
2024-06-02 15:47:05,370 - root - INFO - val ap: 0.9869139576549519, new node val ap: 0.9843800417017501
2024-06-02 15:47:05,438 - root - INFO - start 29 epoch
2024-06-02 15:48:02,682 - root - INFO - epoch: 29 took 57.29s
2024-06-02 15:48:02,682 - root - INFO - Epoch mean loss: 0.26944963979016384
2024-06-02 15:48:02,683 - root - INFO - val auc: 0.9860632748337431, new node val auc: 0.9834969262295082
2024-06-02 15:48:02,683 - root - INFO - val ap: 0.9869118619952852, new node val ap: 0.9849742822282034
2024-06-02 15:48:02,760 - root - INFO - start 30 epoch
2024-06-02 15:49:00,315 - root - INFO - epoch: 30 took 57.61s
2024-06-02 15:49:00,315 - root - INFO - Epoch mean loss: 0.26719690807934465
2024-06-02 15:49:00,316 - root - INFO - val auc: 0.9858173683759219, new node val auc: 0.9828711065573772
2024-06-02 15:49:00,316 - root - INFO - val ap: 0.9864821917942159, new node val ap: 0.9843831075864934
2024-06-02 15:49:00,384 - root - INFO - start 31 epoch
2024-06-02 15:49:57,425 - root - INFO - epoch: 31 took 57.09s
2024-06-02 15:49:57,425 - root - INFO - Epoch mean loss: 0.2687425633222599
2024-06-02 15:49:57,425 - root - INFO - val auc: 0.9850369290573373, new node val auc: 0.9827022540983605
2024-06-02 15:49:57,425 - root - INFO - val ap: 0.9858001409171517, new node val ap: 0.9840595030176568
2024-06-02 15:49:57,492 - root - INFO - start 32 epoch
2024-06-02 15:50:55,016 - root - INFO - epoch: 32 took 57.57s
2024-06-02 15:50:55,016 - root - INFO - Epoch mean loss: 0.2674919266639085
2024-06-02 15:50:55,016 - root - INFO - val auc: 0.9855002891632846, new node val auc: 0.9827305327868852
2024-06-02 15:50:55,016 - root - INFO - val ap: 0.9862140752483455, new node val ap: 0.98409879649138
2024-06-02 15:50:55,083 - root - INFO - start 33 epoch
2024-06-02 15:51:52,770 - root - INFO - epoch: 33 took 57.73s
2024-06-02 15:51:52,770 - root - INFO - Epoch mean loss: 0.26003412909695667
2024-06-02 15:51:52,770 - root - INFO - val auc: 0.9859356685531354, new node val auc: 0.9830598360655738
2024-06-02 15:51:52,770 - root - INFO - val ap: 0.9866006882111075, new node val ap: 0.9842661194279682
2024-06-02 15:51:52,770 - root - INFO - No improvement over 5 epochs, stop training
2024-06-02 15:51:52,770 - root - INFO - Loading the best model at epoch 28
2024-06-02 15:51:52,784 - root - INFO - Loaded the best model at epoch 28 for inference
2024-06-02 15:52:09,038 - root - INFO - Test statistics: Old nodes -- auc: 0.9846955882352941, ap: 0.9852859608839208
2024-06-02 15:52:09,038 - root - INFO - Test statistics: New nodes -- auc: 0.9772266953157541, ap: 0.9778229584017416
2024-06-02 15:52:09,038 - root - INFO - Saving TGN model
2024-06-02 15:52:09,339 - root - INFO - TGN model saved
2024-06-02 15:52:09,509 - root - INFO - num of training instances: 81029
2024-06-02 15:52:09,509 - root - INFO - num of batches per epoch: 406
2024-06-02 15:52:09,513 - root - INFO - start 0 epoch
2024-06-02 15:53:00,359 - root - INFO - epoch: 0 took 50.85s
2024-06-02 15:53:00,359 - root - INFO - Epoch mean loss: 0.703332968459928
2024-06-02 15:53:00,359 - root - INFO - val auc: 0.9419198769984183, new node val auc: 0.946933299180328
2024-06-02 15:53:00,359 - root - INFO - val ap: 0.9430200005139585, new node val ap: 0.9501401062454483
2024-06-02 15:53:00,428 - root - INFO - start 1 epoch
2024-06-02 15:53:57,106 - root - INFO - epoch: 1 took 56.72s
2024-06-02 15:53:57,106 - root - INFO - Epoch mean loss: 0.5385554087866703
2024-06-02 15:53:57,106 - root - INFO - val auc: 0.9562613321519082, new node val auc: 0.9583822745901639
2024-06-02 15:53:57,106 - root - INFO - val ap: 0.9590643502897023, new node val ap: 0.9603397575185584
2024-06-02 15:53:57,175 - root - INFO - start 2 epoch
2024-06-02 15:54:54,410 - root - INFO - epoch: 2 took 57.28s
2024-06-02 15:54:54,410 - root - INFO - Epoch mean loss: 0.4738623699898203
2024-06-02 15:54:54,410 - root - INFO - val auc: 0.9661108267116368, new node val auc: 0.9646855532786887
2024-06-02 15:54:54,410 - root - INFO - val ap: 0.9677317252369049, new node val ap: 0.9665508387432225
2024-06-02 15:54:54,480 - root - INFO - start 3 epoch
2024-06-02 15:55:51,355 - root - INFO - epoch: 3 took 56.92s
2024-06-02 15:55:51,355 - root - INFO - Epoch mean loss: 0.4433787727884471
2024-06-02 15:55:51,355 - root - INFO - val auc: 0.9720165280397876, new node val auc: 0.9681574795081966
2024-06-02 15:55:51,355 - root - INFO - val ap: 0.9726731880960796, new node val ap: 0.9701175107538376
2024-06-02 15:55:51,438 - root - INFO - start 4 epoch
2024-06-02 15:56:49,113 - root - INFO - epoch: 4 took 57.73s
2024-06-02 15:56:49,113 - root - INFO - Epoch mean loss: 0.41403686552505775
2024-06-02 15:56:49,113 - root - INFO - val auc: 0.9738176606356828, new node val auc: 0.9716218237704918
2024-06-02 15:56:49,113 - root - INFO - val ap: 0.9748434398248237, new node val ap: 0.9732428654913202
2024-06-02 15:56:49,183 - root - INFO - start 5 epoch
2024-06-02 15:57:46,622 - root - INFO - epoch: 5 took 57.49s
2024-06-02 15:57:46,623 - root - INFO - Epoch mean loss: 0.3937427060944693
2024-06-02 15:57:46,623 - root - INFO - val auc: 0.9758133143733686, new node val auc: 0.9722447745901639
2024-06-02 15:57:46,623 - root - INFO - val ap: 0.9767467754136436, new node val ap: 0.9735119014786066
2024-06-02 15:57:46,692 - root - INFO - start 6 epoch
2024-06-02 15:58:43,615 - root - INFO - epoch: 6 took 56.97s
2024-06-02 15:58:43,616 - root - INFO - Epoch mean loss: 0.38660229911357896
2024-06-02 15:58:43,616 - root - INFO - val auc: 0.9761699289239505, new node val auc: 0.9720715163934426
2024-06-02 15:58:43,616 - root - INFO - val ap: 0.9772841417020639, new node val ap: 0.9736839402239064
2024-06-02 15:58:43,684 - root - INFO - start 7 epoch
2024-06-02 15:59:41,216 - root - INFO - epoch: 7 took 57.58s
2024-06-02 15:59:41,217 - root - INFO - Epoch mean loss: 0.37684879804332855
2024-06-02 15:59:41,217 - root - INFO - val auc: 0.9768490681987082, new node val auc: 0.9725777663934427
2024-06-02 15:59:41,217 - root - INFO - val ap: 0.9776406588585196, new node val ap: 0.9739389166011251
2024-06-02 15:59:41,286 - root - INFO - start 8 epoch
2024-06-02 16:00:38,793 - root - INFO - epoch: 8 took 57.55s
2024-06-02 16:00:38,794 - root - INFO - Epoch mean loss: 0.37205808316105105
2024-06-02 16:00:38,794 - root - INFO - val auc: 0.9784540311362641, new node val auc: 0.9759232581967215
2024-06-02 16:00:38,794 - root - INFO - val ap: 0.979248571717206, new node val ap: 0.9777902861389219
2024-06-02 16:00:38,865 - root - INFO - start 9 epoch
2024-06-02 16:01:36,023 - root - INFO - epoch: 9 took 57.20s
2024-06-02 16:01:36,024 - root - INFO - Epoch mean loss: 0.3663342009330618
2024-06-02 16:01:36,024 - root - INFO - val auc: 0.978264239981707, new node val auc: 0.9738768442622951
2024-06-02 16:01:36,024 - root - INFO - val ap: 0.9791276902337023, new node val ap: 0.9757899961724243
2024-06-02 16:01:36,092 - root - INFO - start 10 epoch
2024-06-02 16:02:33,519 - root - INFO - epoch: 10 took 57.47s
2024-06-02 16:02:33,519 - root - INFO - Epoch mean loss: 0.3588618012925087
2024-06-02 16:02:33,519 - root - INFO - val auc: 0.979553798185941, new node val auc: 0.9765808401639343
2024-06-02 16:02:33,519 - root - INFO - val ap: 0.9805217236703568, new node val ap: 0.9784097333493939
2024-06-02 16:02:33,601 - root - INFO - start 11 epoch
2024-06-02 16:03:31,239 - root - INFO - epoch: 11 took 57.70s
2024-06-02 16:03:31,239 - root - INFO - Epoch mean loss: 0.3521578912370898
2024-06-02 16:03:31,239 - root - INFO - val auc: 0.980671235160731, new node val auc: 0.976803893442623
2024-06-02 16:03:31,239 - root - INFO - val ap: 0.9815927085879843, new node val ap: 0.9786526058439659
2024-06-02 16:03:31,318 - root - INFO - start 12 epoch
2024-06-02 16:04:28,969 - root - INFO - epoch: 12 took 57.71s
2024-06-02 16:04:28,969 - root - INFO - Epoch mean loss: 0.3368916053123075
2024-06-02 16:04:28,969 - root - INFO - val auc: 0.9817924141085005, new node val auc: 0.9775188524590164
2024-06-02 16:04:28,970 - root - INFO - val ap: 0.9824218353447247, new node val ap: 0.9785616693882494
2024-06-02 16:04:29,057 - root - INFO - start 13 epoch
2024-06-02 16:05:26,666 - root - INFO - epoch: 13 took 57.67s
2024-06-02 16:05:26,667 - root - INFO - Epoch mean loss: 0.33623612657409585
2024-06-02 16:05:26,667 - root - INFO - val auc: 0.9820163179557537, new node val auc: 0.9790421106557375
2024-06-02 16:05:26,667 - root - INFO - val ap: 0.9828437514438502, new node val ap: 0.9808383014517412
2024-06-02 16:05:26,735 - root - INFO - start 14 epoch
2024-06-02 16:06:24,141 - root - INFO - epoch: 14 took 57.45s
2024-06-02 16:06:24,142 - root - INFO - Epoch mean loss: 0.3269206526978263
2024-06-02 16:06:24,142 - root - INFO - val auc: 0.982246570056594, new node val auc: 0.9783140368852459
2024-06-02 16:06:24,142 - root - INFO - val ap: 0.983228939758921, new node val ap: 0.9796082484552032
2024-06-02 16:06:24,209 - root - INFO - start 15 epoch
2024-06-02 16:07:21,760 - root - INFO - epoch: 15 took 57.60s
2024-06-02 16:07:21,761 - root - INFO - Epoch mean loss: 0.3208353757638062
2024-06-02 16:07:21,761 - root - INFO - val auc: 0.9818156877036531, new node val auc: 0.9776855532786887
2024-06-02 16:07:21,761 - root - INFO - val ap: 0.9825021839530378, new node val ap: 0.9791905479492709
2024-06-02 16:07:21,829 - root - INFO - start 16 epoch
2024-06-02 16:08:19,181 - root - INFO - epoch: 16 took 57.40s
2024-06-02 16:08:19,181 - root - INFO - Epoch mean loss: 0.3140016806683517
2024-06-02 16:08:19,181 - root - INFO - val auc: 0.9838190719144799, new node val auc: 0.9800862704918032
2024-06-02 16:08:19,181 - root - INFO - val ap: 0.9847399140861152, new node val ap: 0.9817648828099382
2024-06-02 16:08:19,250 - root - INFO - start 17 epoch
2024-06-02 16:09:16,692 - root - INFO - epoch: 17 took 57.49s
2024-06-02 16:09:16,692 - root - INFO - Epoch mean loss: 0.3140488698014191
2024-06-02 16:09:16,693 - root - INFO - val auc: 0.9838955425027154, new node val auc: 0.9794565573770492
2024-06-02 16:09:16,693 - root - INFO - val ap: 0.98475201690064, new node val ap: 0.9811664632433369
2024-06-02 16:09:16,761 - root - INFO - start 18 epoch
2024-06-02 16:10:14,292 - root - INFO - epoch: 18 took 57.58s
2024-06-02 16:10:14,292 - root - INFO - Epoch mean loss: 0.31246606807403376
2024-06-02 16:10:14,292 - root - INFO - val auc: 0.9832660287924694, new node val auc: 0.9801298155737705
2024-06-02 16:10:14,292 - root - INFO - val ap: 0.9841131607715217, new node val ap: 0.9818773130062542
2024-06-02 16:10:14,362 - root - INFO - start 19 epoch
2024-06-02 16:11:11,939 - root - INFO - epoch: 19 took 57.62s
2024-06-02 16:11:11,939 - root - INFO - Epoch mean loss: 0.3104720348354631
2024-06-02 16:11:11,939 - root - INFO - val auc: 0.9841503515691993, new node val auc: 0.9805603483606556
2024-06-02 16:11:11,939 - root - INFO - val ap: 0.9849587189452528, new node val ap: 0.9822826273888676
2024-06-02 16:11:12,009 - root - INFO - start 20 epoch
2024-06-02 16:12:09,760 - root - INFO - epoch: 20 took 57.80s
2024-06-02 16:12:09,760 - root - INFO - Epoch mean loss: 0.30135782819076123
2024-06-02 16:12:09,760 - root - INFO - val auc: 0.9845762147716229, new node val auc: 0.9821260245901638
2024-06-02 16:12:09,760 - root - INFO - val ap: 0.9854634269656536, new node val ap: 0.9837864046162312
2024-06-02 16:12:09,831 - root - INFO - start 21 epoch
2024-06-02 16:13:06,928 - root - INFO - epoch: 21 took 57.14s
2024-06-02 16:13:06,928 - root - INFO - Epoch mean loss: 0.2992816738821016
2024-06-02 16:13:06,928 - root - INFO - val auc: 0.9848328979210731, new node val auc: 0.9822865778688524
2024-06-02 16:13:06,928 - root - INFO - val ap: 0.9856253884395532, new node val ap: 0.9838000925765381
2024-06-02 16:13:06,997 - root - INFO - start 22 epoch
2024-06-02 16:14:04,482 - root - INFO - epoch: 22 took 57.53s
2024-06-02 16:14:04,482 - root - INFO - Epoch mean loss: 0.30129360682858625
2024-06-02 16:14:04,482 - root - INFO - val auc: 0.9842683563901751, new node val auc: 0.9813352459016392
2024-06-02 16:14:04,482 - root - INFO - val ap: 0.9849790751961093, new node val ap: 0.9829366558828562
2024-06-02 16:14:04,550 - root - INFO - start 23 epoch
2024-06-02 16:15:02,584 - root - INFO - epoch: 23 took 58.08s
2024-06-02 16:15:02,585 - root - INFO - Epoch mean loss: 0.29904749905094136
2024-06-02 16:15:02,585 - root - INFO - val auc: 0.9846530659883002, new node val auc: 0.9816259221311475
2024-06-02 16:15:02,585 - root - INFO - val ap: 0.9853786889962084, new node val ap: 0.9830614539792809
2024-06-02 16:15:02,655 - root - INFO - start 24 epoch
2024-06-02 16:16:00,345 - root - INFO - epoch: 24 took 57.74s
2024-06-02 16:16:00,345 - root - INFO - Epoch mean loss: 0.2970578008391
2024-06-02 16:16:00,345 - root - INFO - val auc: 0.9842618209188441, new node val auc: 0.9812920081967215
2024-06-02 16:16:00,345 - root - INFO - val ap: 0.9849801088499157, new node val ap: 0.9828805038863785
2024-06-02 16:16:00,413 - root - INFO - start 25 epoch
2024-06-02 16:16:57,341 - root - INFO - epoch: 25 took 56.97s
2024-06-02 16:16:57,342 - root - INFO - Epoch mean loss: 0.29204408659283165
2024-06-02 16:16:57,342 - root - INFO - val auc: 0.9846384849177765, new node val auc: 0.9818949795081967
2024-06-02 16:16:57,342 - root - INFO - val ap: 0.985471988874819, new node val ap: 0.9834232024003923
2024-06-02 16:16:57,420 - root - INFO - start 26 epoch
2024-06-02 16:17:54,863 - root - INFO - epoch: 26 took 57.50s
2024-06-02 16:17:54,864 - root - INFO - Epoch mean loss: 0.29101362576699025
2024-06-02 16:17:54,864 - root - INFO - val auc: 0.9842353960631871, new node val auc: 0.9808431352459016
2024-06-02 16:17:54,864 - root - INFO - val ap: 0.9844109341186171, new node val ap: 0.9819248209402708
2024-06-02 16:17:54,864 - root - INFO - No improvement over 5 epochs, stop training
2024-06-02 16:17:54,864 - root - INFO - Loading the best model at epoch 21
2024-06-02 16:17:54,879 - root - INFO - Loaded the best model at epoch 21 for inference
2024-06-02 16:18:11,055 - root - INFO - Test statistics: Old nodes -- auc: 0.9825814044665486, ap: 0.9832452181028274
2024-06-02 16:18:11,055 - root - INFO - Test statistics: New nodes -- auc: 0.9735519075806607, ap: 0.9747022975494769
2024-06-02 16:18:11,055 - root - INFO - Saving TGN model
2024-06-02 16:18:11,360 - root - INFO - TGN model saved
2024-06-02 16:18:11,530 - root - INFO - num of training instances: 81029
2024-06-02 16:18:11,531 - root - INFO - num of batches per epoch: 406
2024-06-02 16:18:11,536 - root - INFO - start 0 epoch
2024-06-02 16:19:02,036 - root - INFO - epoch: 0 took 50.50s
2024-06-02 16:19:02,036 - root - INFO - Epoch mean loss: 0.6953946835742209
2024-06-02 16:19:02,036 - root - INFO - val auc: 0.9293059719125746, new node val auc: 0.9368356557377049
2024-06-02 16:19:02,036 - root - INFO - val ap: 0.9344555840426698, new node val ap: 0.9402356405320573
2024-06-02 16:19:02,107 - root - INFO - start 1 epoch
2024-06-02 16:19:58,890 - root - INFO - epoch: 1 took 56.83s
2024-06-02 16:19:58,890 - root - INFO - Epoch mean loss: 0.5563012412175756
2024-06-02 16:19:58,890 - root - INFO - val auc: 0.9599883903561424, new node val auc: 0.9586601434426231
2024-06-02 16:19:58,891 - root - INFO - val ap: 0.9619529662805444, new node val ap: 0.9607029214113736
2024-06-02 16:19:58,961 - root - INFO - start 2 epoch
2024-06-02 16:20:56,332 - root - INFO - epoch: 2 took 57.42s
2024-06-02 16:20:56,332 - root - INFO - Epoch mean loss: 0.49491949974022476
2024-06-02 16:20:56,332 - root - INFO - val auc: 0.9601324944263419, new node val auc: 0.9577193647540984
2024-06-02 16:20:56,332 - root - INFO - val ap: 0.9622057342394676, new node val ap: 0.9607180432091005
2024-06-02 16:20:56,403 - root - INFO - start 3 epoch
2024-06-02 16:21:53,243 - root - INFO - epoch: 3 took 56.89s
2024-06-02 16:21:53,243 - root - INFO - Epoch mean loss: 0.4596991967318093
2024-06-02 16:21:53,243 - root - INFO - val auc: 0.9680184645286687, new node val auc: 0.9632607581967212
2024-06-02 16:21:53,243 - root - INFO - val ap: 0.9701687541799919, new node val ap: 0.9661648003309015
2024-06-02 16:21:53,314 - root - INFO - start 4 epoch
2024-06-02 16:22:51,147 - root - INFO - epoch: 4 took 57.88s
2024-06-02 16:22:51,147 - root - INFO - Epoch mean loss: 0.4281024822387202
2024-06-02 16:22:51,147 - root - INFO - val auc: 0.9721906481640274, new node val auc: 0.9696477459016392
2024-06-02 16:22:51,147 - root - INFO - val ap: 0.9734570770158057, new node val ap: 0.9718693322286982
2024-06-02 16:22:51,219 - root - INFO - start 5 epoch
2024-06-02 16:23:49,343 - root - INFO - epoch: 5 took 58.17s
2024-06-02 16:23:49,343 - root - INFO - Epoch mean loss: 0.40589715342216304
2024-06-02 16:23:49,343 - root - INFO - val auc: 0.971048585624726, new node val auc: 0.9669616803278689
2024-06-02 16:23:49,343 - root - INFO - val ap: 0.9723591806601192, new node val ap: 0.9693341240249701
2024-06-02 16:23:49,414 - root - INFO - start 6 epoch
2024-06-02 16:24:45,360 - root - INFO - epoch: 6 took 55.99s
2024-06-02 16:24:45,360 - root - INFO - Epoch mean loss: 0.4012119004805687
2024-06-02 16:24:45,360 - root - INFO - val auc: 0.9728510670935039, new node val auc: 0.9690606557377047
2024-06-02 16:24:45,360 - root - INFO - val ap: 0.9737380611697963, new node val ap: 0.9712781796620059
2024-06-02 16:24:45,428 - root - INFO - start 7 epoch
2024-06-02 16:25:43,044 - root - INFO - epoch: 7 took 57.66s
2024-06-02 16:25:43,044 - root - INFO - Epoch mean loss: 0.3878600918160284
2024-06-02 16:25:43,044 - root - INFO - val auc: 0.9735403923474153, new node val auc: 0.9698919057377049
2024-06-02 16:25:43,044 - root - INFO - val ap: 0.9747489766784595, new node val ap: 0.971834443501869
2024-06-02 16:25:43,116 - root - INFO - start 8 epoch
2024-06-02 16:26:40,514 - root - INFO - epoch: 8 took 57.45s
2024-06-02 16:26:40,514 - root - INFO - Epoch mean loss: 0.3751054552241499
2024-06-02 16:26:40,514 - root - INFO - val auc: 0.9765876383886887, new node val auc: 0.9720574795081967
2024-06-02 16:26:40,514 - root - INFO - val ap: 0.9777121792866421, new node val ap: 0.9741504162289559
2024-06-02 16:26:40,586 - root - INFO - start 9 epoch
2024-06-02 16:27:37,960 - root - INFO - epoch: 9 took 57.42s
2024-06-02 16:27:37,960 - root - INFO - Epoch mean loss: 0.3620543580850944
2024-06-02 16:27:37,960 - root - INFO - val auc: 0.9789183792564643, new node val auc: 0.9753516393442624
2024-06-02 16:27:37,960 - root - INFO - val ap: 0.9800627086666263, new node val ap: 0.9770332716385473
2024-06-02 16:27:38,032 - root - INFO - start 10 epoch
2024-06-02 16:28:36,088 - root - INFO - epoch: 10 took 58.10s
2024-06-02 16:28:36,089 - root - INFO - Epoch mean loss: 0.34823660691970676
2024-06-02 16:28:36,089 - root - INFO - val auc: 0.9812746193715581, new node val auc: 0.9780539959016394
2024-06-02 16:28:36,089 - root - INFO - val ap: 0.9820243591801316, new node val ap: 0.9797053857324747
2024-06-02 16:28:36,161 - root - INFO - start 11 epoch
2024-06-02 16:29:33,094 - root - INFO - epoch: 11 took 56.98s
2024-06-02 16:29:33,095 - root - INFO - Epoch mean loss: 0.34175041872145506
2024-06-02 16:29:33,095 - root - INFO - val auc: 0.9823995736389795, new node val auc: 0.9790100409836067
2024-06-02 16:29:33,095 - root - INFO - val ap: 0.9833182422566934, new node val ap: 0.9804812331327944
2024-06-02 16:29:33,163 - root - INFO - start 12 epoch
2024-06-02 16:30:30,179 - root - INFO - epoch: 12 took 57.06s
2024-06-02 16:30:30,180 - root - INFO - Epoch mean loss: 0.32622436489084083
2024-06-02 16:30:30,180 - root - INFO - val auc: 0.9825215305169687, new node val auc: 0.9790300204918033
2024-06-02 16:30:30,180 - root - INFO - val ap: 0.983654133093996, new node val ap: 0.9806632351793909
2024-06-02 16:30:30,251 - root - INFO - start 13 epoch
2024-06-02 16:31:27,897 - root - INFO - epoch: 13 took 57.69s
2024-06-02 16:31:27,898 - root - INFO - Epoch mean loss: 0.3227208705224427
2024-06-02 16:31:27,898 - root - INFO - val auc: 0.983592788543989, new node val auc: 0.9798025614754098
2024-06-02 16:31:27,898 - root - INFO - val ap: 0.9843468755242663, new node val ap: 0.9810741074584944
2024-06-02 16:31:27,967 - root - INFO - start 14 epoch
2024-06-02 16:32:25,632 - root - INFO - epoch: 14 took 57.71s
2024-06-02 16:32:25,633 - root - INFO - Epoch mean loss: 0.3183115788281258
2024-06-02 16:32:25,633 - root - INFO - val auc: 0.982603988500162, new node val auc: 0.9788472336065575
2024-06-02 16:32:25,633 - root - INFO - val ap: 0.9833534842501418, new node val ap: 0.9799339929638515
2024-06-02 16:32:25,704 - root - INFO - start 15 epoch
2024-06-02 16:33:23,229 - root - INFO - epoch: 15 took 57.57s
2024-06-02 16:33:23,229 - root - INFO - Epoch mean loss: 0.3168507387191791
2024-06-02 16:33:23,229 - root - INFO - val auc: 0.9824289001314811, new node val auc: 0.9787792008196722
2024-06-02 16:33:23,230 - root - INFO - val ap: 0.9827618540180268, new node val ap: 0.979789717164042
2024-06-02 16:33:23,306 - root - INFO - start 16 epoch
2024-06-02 16:34:20,784 - root - INFO - epoch: 16 took 57.53s
2024-06-02 16:34:20,784 - root - INFO - Epoch mean loss: 0.3172807400229529
2024-06-02 16:34:20,785 - root - INFO - val auc: 0.9830847200785078, new node val auc: 0.9796478483606558
2024-06-02 16:34:20,785 - root - INFO - val ap: 0.9840693587499405, new node val ap: 0.9811204724798194
2024-06-02 16:34:20,866 - root - INFO - start 17 epoch
2024-06-02 16:35:18,118 - root - INFO - epoch: 17 took 57.31s
2024-06-02 16:35:18,118 - root - INFO - Epoch mean loss: 0.3149201280524578
2024-06-02 16:35:18,118 - root - INFO - val auc: 0.9840370143295414, new node val auc: 0.9806655737704918
2024-06-02 16:35:18,118 - root - INFO - val ap: 0.9846213962206646, new node val ap: 0.9819229610281918
2024-06-02 16:35:18,189 - root - INFO - start 18 epoch
2024-06-02 16:36:15,022 - root - INFO - epoch: 18 took 56.88s
2024-06-02 16:36:15,022 - root - INFO - Epoch mean loss: 0.303508686644984
2024-06-02 16:36:15,022 - root - INFO - val auc: 0.9848261066331295, new node val auc: 0.9822326844262295
2024-06-02 16:36:15,022 - root - INFO - val ap: 0.9853043966137756, new node val ap: 0.9832471032086316
2024-06-02 16:36:15,094 - root - INFO - start 19 epoch
2024-06-02 16:37:12,647 - root - INFO - epoch: 19 took 57.60s
2024-06-02 16:37:12,647 - root - INFO - Epoch mean loss: 0.2974427368473537
2024-06-02 16:37:12,647 - root - INFO - val auc: 0.9850823238819337, new node val auc: 0.9820268442622953
2024-06-02 16:37:12,647 - root - INFO - val ap: 0.9857331640217478, new node val ap: 0.9833729843369529
2024-06-02 16:37:12,737 - root - INFO - start 20 epoch
2024-06-02 16:38:10,412 - root - INFO - epoch: 20 took 57.74s
2024-06-02 16:38:10,412 - root - INFO - Epoch mean loss: 0.29748860342896044
2024-06-02 16:38:10,412 - root - INFO - val auc: 0.9846407501095675, new node val auc: 0.9818698770491804
2024-06-02 16:38:10,412 - root - INFO - val ap: 0.9853466022291929, new node val ap: 0.9832614544633492
2024-06-02 16:38:10,502 - root - INFO - start 21 epoch
2024-06-02 16:39:07,625 - root - INFO - epoch: 21 took 57.19s
2024-06-02 16:39:07,625 - root - INFO - Epoch mean loss: 0.29828219557997626
2024-06-02 16:39:07,625 - root - INFO - val auc: 0.9846888198136398, new node val auc: 0.9809934426229509
2024-06-02 16:39:07,625 - root - INFO - val ap: 0.9852274604401842, new node val ap: 0.9823727102872448
2024-06-02 16:39:07,696 - root - INFO - start 22 epoch
2024-06-02 16:40:05,498 - root - INFO - epoch: 22 took 57.85s
2024-06-02 16:40:05,498 - root - INFO - Epoch mean loss: 0.29793841501908935
2024-06-02 16:40:05,498 - root - INFO - val auc: 0.9839378942053013, new node val auc: 0.9807608606557376
2024-06-02 16:40:05,498 - root - INFO - val ap: 0.9843901140371224, new node val ap: 0.982037327515523
2024-06-02 16:40:05,570 - root - INFO - start 23 epoch
2024-06-02 16:41:02,966 - root - INFO - epoch: 23 took 57.44s
2024-06-02 16:41:02,966 - root - INFO - Epoch mean loss: 0.2961994405156873
2024-06-02 16:41:02,966 - root - INFO - val auc: 0.9848223084471883, new node val auc: 0.9809272540983607
2024-06-02 16:41:02,966 - root - INFO - val ap: 0.9855701420827182, new node val ap: 0.982232228966632
2024-06-02 16:41:03,034 - root - INFO - start 24 epoch
2024-06-02 16:41:59,996 - root - INFO - epoch: 24 took 57.01s
2024-06-02 16:41:59,996 - root - INFO - Epoch mean loss: 0.2909497557749302
2024-06-02 16:41:59,996 - root - INFO - val auc: 0.9853628713390118, new node val auc: 0.9823891393442622
2024-06-02 16:41:59,996 - root - INFO - val ap: 0.9859207972411282, new node val ap: 0.9834004310717133
2024-06-02 16:42:00,070 - root - INFO - start 25 epoch
2024-06-02 16:42:58,016 - root - INFO - epoch: 25 took 58.00s
2024-06-02 16:42:58,016 - root - INFO - Epoch mean loss: 0.2834914161507132
2024-06-02 16:42:58,016 - root - INFO - val auc: 0.984653565235618, new node val auc: 0.9813596311475409
2024-06-02 16:42:58,016 - root - INFO - val ap: 0.9851043201824988, new node val ap: 0.9827769839573864
2024-06-02 16:42:58,087 - root - INFO - start 26 epoch
2024-06-02 16:43:55,896 - root - INFO - epoch: 26 took 57.86s
2024-06-02 16:43:55,896 - root - INFO - Epoch mean loss: 0.2852242203989052
2024-06-02 16:43:55,896 - root - INFO - val auc: 0.985301379123078, new node val auc: 0.9817440573770492
2024-06-02 16:43:55,896 - root - INFO - val ap: 0.985755818595704, new node val ap: 0.9831394023146655
2024-06-02 16:43:55,966 - root - INFO - start 27 epoch
2024-06-02 16:44:53,447 - root - INFO - epoch: 27 took 57.53s
2024-06-02 16:44:53,448 - root - INFO - Epoch mean loss: 0.2816693007285372
2024-06-02 16:44:53,448 - root - INFO - val auc: 0.9854887740810612, new node val auc: 0.9827348360655739
2024-06-02 16:44:53,448 - root - INFO - val ap: 0.986041029645599, new node val ap: 0.9841893319107528
2024-06-02 16:44:53,517 - root - INFO - start 28 epoch
2024-06-02 16:45:51,382 - root - INFO - epoch: 28 took 57.91s
2024-06-02 16:45:51,382 - root - INFO - Epoch mean loss: 0.27325161759342464
2024-06-02 16:45:51,383 - root - INFO - val auc: 0.9853423059700072, new node val auc: 0.9829574795081966
2024-06-02 16:45:51,383 - root - INFO - val ap: 0.9859485805594358, new node val ap: 0.9843173048974191
2024-06-02 16:45:51,454 - root - INFO - start 29 epoch
2024-06-02 16:46:49,185 - root - INFO - epoch: 29 took 57.78s
2024-06-02 16:46:49,186 - root - INFO - Epoch mean loss: 0.27404782245752257
2024-06-02 16:46:49,186 - root - INFO - val auc: 0.9855746589111837, new node val auc: 0.9831173155737706
2024-06-02 16:46:49,186 - root - INFO - val ap: 0.9862017383337174, new node val ap: 0.984142005007199
2024-06-02 16:46:49,255 - root - INFO - start 30 epoch
2024-06-02 16:47:46,447 - root - INFO - epoch: 30 took 57.24s
2024-06-02 16:47:46,447 - root - INFO - Epoch mean loss: 0.27434713765978813
2024-06-02 16:47:46,447 - root - INFO - val auc: 0.9860797862001944, new node val auc: 0.9829555327868854
2024-06-02 16:47:46,447 - root - INFO - val ap: 0.9867764508352316, new node val ap: 0.9839603603227105
2024-06-02 16:47:46,516 - root - INFO - start 31 epoch
2024-06-02 16:48:44,824 - root - INFO - epoch: 31 took 58.35s
2024-06-02 16:48:44,824 - root - INFO - Epoch mean loss: 0.27144818007946014
2024-06-02 16:48:44,824 - root - INFO - val auc: 0.9859434416623792, new node val auc: 0.9829821721311475
2024-06-02 16:48:44,824 - root - INFO - val ap: 0.9863218429563133, new node val ap: 0.9841106016531793
2024-06-02 16:48:44,894 - root - INFO - start 32 epoch
2024-06-02 16:49:43,059 - root - INFO - epoch: 32 took 58.21s
2024-06-02 16:49:43,060 - root - INFO - Epoch mean loss: 0.2700131260629358
2024-06-02 16:49:43,060 - root - INFO - val auc: 0.9856850154347453, new node val auc: 0.9827530737704919
2024-06-02 16:49:43,060 - root - INFO - val ap: 0.9862835963169819, new node val ap: 0.9839021261331206
2024-06-02 16:49:43,130 - root - INFO - start 33 epoch
2024-06-02 16:50:40,343 - root - INFO - epoch: 33 took 57.26s
2024-06-02 16:50:40,343 - root - INFO - Epoch mean loss: 0.2692722499076956
2024-06-02 16:50:40,343 - root - INFO - val auc: 0.9857830029630902, new node val auc: 0.9817574795081967
2024-06-02 16:50:40,343 - root - INFO - val ap: 0.9865417962568658, new node val ap: 0.9832954662472315
2024-06-02 16:50:40,417 - root - INFO - start 34 epoch
2024-06-02 16:51:38,147 - root - INFO - epoch: 34 took 57.78s
2024-06-02 16:51:38,148 - root - INFO - Epoch mean loss: 0.26777409134533603
2024-06-02 16:51:38,148 - root - INFO - val auc: 0.9855362530726577, new node val auc: 0.9825293032786885
2024-06-02 16:51:38,148 - root - INFO - val ap: 0.9861157170498768, new node val ap: 0.9840401793829575
2024-06-02 16:51:38,219 - root - INFO - start 35 epoch
2024-06-02 16:52:35,974 - root - INFO - epoch: 35 took 57.80s
2024-06-02 16:52:35,974 - root - INFO - Epoch mean loss: 0.2641327391594208
2024-06-02 16:52:35,974 - root - INFO - val auc: 0.9857151624935689, new node val auc: 0.9828007172131148
2024-06-02 16:52:35,975 - root - INFO - val ap: 0.9862349985814444, new node val ap: 0.9840643533382291
2024-06-02 16:52:35,975 - root - INFO - No improvement over 5 epochs, stop training
2024-06-02 16:52:35,975 - root - INFO - Loading the best model at epoch 30
2024-06-02 16:52:35,990 - root - INFO - Loaded the best model at epoch 30 for inference
2024-06-02 16:52:52,201 - root - INFO - Test statistics: Old nodes -- auc: 0.9839418067226889, ap: 0.9842167791112989
2024-06-02 16:52:52,201 - root - INFO - Test statistics: New nodes -- auc: 0.9756963750760949, ap: 0.9761393916348512
2024-06-02 16:52:52,202 - root - INFO - Saving TGN model
2024-06-02 16:52:52,501 - root - INFO - TGN model saved
2024-06-02 16:52:52,670 - root - INFO - num of training instances: 81029
2024-06-02 16:52:52,670 - root - INFO - num of batches per epoch: 406
2024-06-02 16:52:52,674 - root - INFO - start 0 epoch
2024-06-02 16:53:43,613 - root - INFO - epoch: 0 took 50.94s
2024-06-02 16:53:43,613 - root - INFO - Epoch mean loss: 0.7039734471607678
2024-06-02 16:53:43,613 - root - INFO - val auc: 0.9381372911069189, new node val auc: 0.9434742827868852
2024-06-02 16:53:43,613 - root - INFO - val ap: 0.9407696628825073, new node val ap: 0.9477565345079484
2024-06-02 16:53:43,682 - root - INFO - start 1 epoch
2024-06-02 16:54:40,831 - root - INFO - epoch: 1 took 57.19s
2024-06-02 16:54:40,831 - root - INFO - Epoch mean loss: 0.5407417244805491
2024-06-02 16:54:40,831 - root - INFO - val auc: 0.9594958087997103, new node val auc: 0.957739651639344
2024-06-02 16:54:40,831 - root - INFO - val ap: 0.9623306586194251, new node val ap: 0.9608848279857131
2024-06-02 16:54:40,923 - root - INFO - start 2 epoch
2024-06-02 16:55:37,714 - root - INFO - epoch: 2 took 56.86s
2024-06-02 16:55:37,715 - root - INFO - Epoch mean loss: 0.4757639944846994
2024-06-02 16:55:37,715 - root - INFO - val auc: 0.965909493321138, new node val auc: 0.9602667008196724
2024-06-02 16:55:37,715 - root - INFO - val ap: 0.9685740685456848, new node val ap: 0.9635742622330417
2024-06-02 16:55:37,784 - root - INFO - start 3 epoch
2024-06-02 16:56:35,160 - root - INFO - epoch: 3 took 57.42s
2024-06-02 16:56:35,160 - root - INFO - Epoch mean loss: 0.4446332573964091
2024-06-02 16:56:35,160 - root - INFO - val auc: 0.9665862468797044, new node val auc: 0.9650182377049181
2024-06-02 16:56:35,160 - root - INFO - val ap: 0.9677445861931948, new node val ap: 0.9675898700063409
2024-06-02 16:56:35,229 - root - INFO - start 4 epoch
2024-06-02 16:57:32,885 - root - INFO - epoch: 4 took 57.70s
2024-06-02 16:57:32,885 - root - INFO - Epoch mean loss: 0.4314898104943665
2024-06-02 16:57:32,885 - root - INFO - val auc: 0.9705041726214296, new node val auc: 0.9671949795081969
2024-06-02 16:57:32,885 - root - INFO - val ap: 0.9720207698509412, new node val ap: 0.9699927807220025
2024-06-02 16:57:32,954 - root - INFO - start 5 epoch
2024-06-02 16:58:30,208 - root - INFO - epoch: 5 took 57.30s
2024-06-02 16:58:30,208 - root - INFO - Epoch mean loss: 0.40972839332566474
2024-06-02 16:58:30,209 - root - INFO - val auc: 0.9709488228624784, new node val auc: 0.9675477459016393
2024-06-02 16:58:30,209 - root - INFO - val ap: 0.9721162202903353, new node val ap: 0.9695153159811746
2024-06-02 16:58:30,279 - root - INFO - start 6 epoch
2024-06-02 16:59:27,594 - root - INFO - epoch: 6 took 57.36s
2024-06-02 16:59:27,594 - root - INFO - Epoch mean loss: 0.3965261407159819
2024-06-02 16:59:27,594 - root - INFO - val auc: 0.9743053311800911, new node val auc: 0.9702424180327869
2024-06-02 16:59:27,594 - root - INFO - val ap: 0.9756259602247136, new node val ap: 0.9725025113350778
2024-06-02 16:59:27,664 - root - INFO - start 7 epoch
2024-06-02 17:00:24,594 - root - INFO - epoch: 7 took 56.98s
2024-06-02 17:00:24,594 - root - INFO - Epoch mean loss: 0.38222701348401056
2024-06-02 17:00:24,594 - root - INFO - val auc: 0.9752577669162904, new node val auc: 0.973001024590164
2024-06-02 17:00:24,594 - root - INFO - val ap: 0.9765932356902484, new node val ap: 0.9754186185386542
2024-06-02 17:00:24,661 - root - INFO - start 8 epoch
2024-06-02 17:01:22,485 - root - INFO - epoch: 8 took 57.87s
2024-06-02 17:01:22,486 - root - INFO - Epoch mean loss: 0.36845005439420053
2024-06-02 17:01:22,486 - root - INFO - val auc: 0.9780223646601497, new node val auc: 0.9761039959016393
2024-06-02 17:01:22,486 - root - INFO - val ap: 0.9789853326852176, new node val ap: 0.9778667388238994
2024-06-02 17:01:22,558 - root - INFO - start 9 epoch
2024-06-02 17:02:20,002 - root - INFO - epoch: 9 took 57.49s
2024-06-02 17:02:20,002 - root - INFO - Epoch mean loss: 0.36213851070462777
2024-06-02 17:02:20,002 - root - INFO - val auc: 0.9801213599725606, new node val auc: 0.9774505122950818
2024-06-02 17:02:20,002 - root - INFO - val ap: 0.9812740616389204, new node val ap: 0.9792308810083677
2024-06-02 17:02:20,096 - root - INFO - start 10 epoch
2024-06-02 17:03:17,756 - root - INFO - epoch: 10 took 57.73s
2024-06-02 17:03:17,756 - root - INFO - Epoch mean loss: 0.34953407990961827
2024-06-02 17:03:17,756 - root - INFO - val auc: 0.9816618895177119, new node val auc: 0.9780004098360656
2024-06-02 17:03:17,756 - root - INFO - val ap: 0.9826036710118683, new node val ap: 0.9796988739173252
2024-06-02 17:03:17,825 - root - INFO - start 11 epoch
2024-06-02 17:04:15,578 - root - INFO - epoch: 11 took 57.80s
2024-06-02 17:04:15,578 - root - INFO - Epoch mean loss: 0.33928813220098103
2024-06-02 17:04:15,578 - root - INFO - val auc: 0.9813290082699747, new node val auc: 0.9769968237704918
2024-06-02 17:04:15,578 - root - INFO - val ap: 0.9823716399911311, new node val ap: 0.9790616730173964
2024-06-02 17:04:15,647 - root - INFO - start 12 epoch
2024-06-02 17:05:13,062 - root - INFO - epoch: 12 took 57.46s
2024-06-02 17:05:13,062 - root - INFO - Epoch mean loss: 0.33478905884503146
2024-06-02 17:05:13,062 - root - INFO - val auc: 0.9823995965052686, new node val auc: 0.9790489754098359
2024-06-02 17:05:13,062 - root - INFO - val ap: 0.9833354411186126, new node val ap: 0.9809222897807258
2024-06-02 17:05:13,131 - root - INFO - start 13 epoch
2024-06-02 17:06:11,065 - root - INFO - epoch: 13 took 57.98s
2024-06-02 17:06:11,065 - root - INFO - Epoch mean loss: 0.3322098040815645
2024-06-02 17:06:11,065 - root - INFO - val auc: 0.9806070513919853, new node val auc: 0.977361987704918
2024-06-02 17:06:11,065 - root - INFO - val ap: 0.9817448588652907, new node val ap: 0.9795723710347544
2024-06-02 17:06:11,134 - root - INFO - start 14 epoch
2024-06-02 17:07:09,085 - root - INFO - epoch: 14 took 58.00s
2024-06-02 17:07:09,086 - root - INFO - Epoch mean loss: 0.3274223916049074
2024-06-02 17:07:09,086 - root - INFO - val auc: 0.9823093623163551, new node val auc: 0.9799688524590164
2024-06-02 17:07:09,086 - root - INFO - val ap: 0.9831673010589231, new node val ap: 0.9817614548026199
2024-06-02 17:07:09,174 - root - INFO - start 15 epoch
2024-06-02 17:08:06,692 - root - INFO - epoch: 15 took 57.58s
2024-06-02 17:08:06,693 - root - INFO - Epoch mean loss: 0.32480271751510686
2024-06-02 17:08:06,693 - root - INFO - val auc: 0.9826229553726252, new node val auc: 0.9798873975409836
2024-06-02 17:08:06,693 - root - INFO - val ap: 0.98372997302726, new node val ap: 0.9817819946214844
2024-06-02 17:08:06,760 - root - INFO - start 16 epoch
2024-06-02 17:09:04,189 - root - INFO - epoch: 16 took 57.47s
2024-06-02 17:09:04,189 - root - INFO - Epoch mean loss: 0.3186283239663528
2024-06-02 17:09:04,189 - root - INFO - val auc: 0.9835818413079518, new node val auc: 0.9805188524590165
2024-06-02 17:09:04,189 - root - INFO - val ap: 0.9843822143712612, new node val ap: 0.9821205960247814
2024-06-02 17:09:04,258 - root - INFO - start 17 epoch
2024-06-02 17:10:02,038 - root - INFO - epoch: 17 took 57.83s
2024-06-02 17:10:02,039 - root - INFO - Epoch mean loss: 0.31322127235640446
2024-06-02 17:10:02,039 - root - INFO - val auc: 0.9842076649707503, new node val auc: 0.9813546106557376
2024-06-02 17:10:02,039 - root - INFO - val ap: 0.9850870626267777, new node val ap: 0.9829523089278777
2024-06-02 17:10:02,108 - root - INFO - start 18 epoch
2024-06-02 17:10:59,270 - root - INFO - epoch: 18 took 57.21s
2024-06-02 17:10:59,270 - root - INFO - Epoch mean loss: 0.3113224623091702
2024-06-02 17:10:59,270 - root - INFO - val auc: 0.9838311091103108, new node val auc: 0.9803745901639345
2024-06-02 17:10:59,271 - root - INFO - val ap: 0.9846831227819762, new node val ap: 0.9818858969751006
2024-06-02 17:10:59,355 - root - INFO - start 19 epoch
2024-06-02 17:11:56,665 - root - INFO - epoch: 19 took 57.37s
2024-06-02 17:11:56,666 - root - INFO - Epoch mean loss: 0.3072923324965491
2024-06-02 17:11:56,666 - root - INFO - val auc: 0.9830077045103757, new node val auc: 0.9798060450819672
2024-06-02 17:11:56,666 - root - INFO - val ap: 0.9840189572995204, new node val ap: 0.981601696036838
2024-06-02 17:11:56,736 - root - INFO - start 20 epoch
2024-06-02 17:12:53,085 - root - INFO - epoch: 20 took 56.40s
2024-06-02 17:12:53,086 - root - INFO - Epoch mean loss: 0.3062415966589756
2024-06-02 17:12:53,086 - root - INFO - val auc: 0.9834287981859411, new node val auc: 0.9800279713114753
2024-06-02 17:12:53,086 - root - INFO - val ap: 0.9841344239637424, new node val ap: 0.9817421738316984
2024-06-02 17:12:53,155 - root - INFO - start 21 epoch
2024-06-02 17:13:50,476 - root - INFO - epoch: 21 took 57.37s
2024-06-02 17:13:50,476 - root - INFO - Epoch mean loss: 0.30279765740550796
2024-06-02 17:13:50,477 - root - INFO - val auc: 0.9837479386992893, new node val auc: 0.9808881147540984
2024-06-02 17:13:50,477 - root - INFO - val ap: 0.9847829935687913, new node val ap: 0.9826849704611151
2024-06-02 17:13:50,549 - root - INFO - start 22 epoch
2024-06-02 17:14:48,204 - root - INFO - epoch: 22 took 57.70s
2024-06-02 17:14:48,204 - root - INFO - Epoch mean loss: 0.29946802007814344
2024-06-02 17:14:48,204 - root - INFO - val auc: 0.98452444882715, new node val auc: 0.9811136270491803
2024-06-02 17:14:48,205 - root - INFO - val ap: 0.9852506917254241, new node val ap: 0.9825380800980892
2024-06-02 17:14:48,275 - root - INFO - start 23 epoch
2024-06-02 17:15:46,495 - root - INFO - epoch: 23 took 58.27s
2024-06-02 17:15:46,496 - root - INFO - Epoch mean loss: 0.29316022779260364
2024-06-02 17:15:46,496 - root - INFO - val auc: 0.9844068246346157, new node val auc: 0.9811272540983608
2024-06-02 17:15:46,496 - root - INFO - val ap: 0.9852041980701333, new node val ap: 0.982765483681232
2024-06-02 17:15:46,583 - root - INFO - start 24 epoch
2024-06-02 17:16:44,779 - root - INFO - epoch: 24 took 58.26s
2024-06-02 17:16:44,780 - root - INFO - Epoch mean loss: 0.2888580488564052
2024-06-02 17:16:44,780 - root - INFO - val auc: 0.9852137512147717, new node val auc: 0.9816764344262294
2024-06-02 17:16:44,780 - root - INFO - val ap: 0.9856791354770554, new node val ap: 0.9818303092430113
2024-06-02 17:16:44,861 - root - INFO - start 25 epoch
2024-06-02 17:17:42,247 - root - INFO - epoch: 25 took 57.44s
2024-06-02 17:17:42,247 - root - INFO - Epoch mean loss: 0.28781716608134983
2024-06-02 17:17:42,247 - root - INFO - val auc: 0.9850711894281521, new node val auc: 0.9819646516393442
2024-06-02 17:17:42,247 - root - INFO - val ap: 0.9856829759295795, new node val ap: 0.9832262312460553
2024-06-02 17:17:42,315 - root - INFO - start 26 epoch
2024-06-02 17:18:40,203 - root - INFO - epoch: 26 took 57.93s
2024-06-02 17:18:40,203 - root - INFO - Epoch mean loss: 0.28049991375266625
2024-06-02 17:18:40,204 - root - INFO - val auc: 0.9857139612988053, new node val auc: 0.9829777663934427
2024-06-02 17:18:40,204 - root - INFO - val ap: 0.9862528800361663, new node val ap: 0.9844791640184116
2024-06-02 17:18:40,274 - root - INFO - start 27 epoch
2024-06-02 17:19:37,831 - root - INFO - epoch: 27 took 57.60s
2024-06-02 17:19:37,831 - root - INFO - Epoch mean loss: 0.27891468082375714
2024-06-02 17:19:37,831 - root - INFO - val auc: 0.9845858557708799, new node val auc: 0.9822605532786886
2024-06-02 17:19:37,831 - root - INFO - val ap: 0.9852078723620534, new node val ap: 0.9837396971022101
2024-06-02 17:19:37,899 - root - INFO - start 28 epoch
2024-06-02 17:20:35,326 - root - INFO - epoch: 28 took 57.47s
2024-06-02 17:20:35,326 - root - INFO - Epoch mean loss: 0.2779362569448396
2024-06-02 17:20:35,326 - root - INFO - val auc: 0.9855420501533944, new node val auc: 0.9832326844262295
2024-06-02 17:20:35,326 - root - INFO - val ap: 0.9860342815400938, new node val ap: 0.9847217438141106
2024-06-02 17:20:35,394 - root - INFO - start 29 epoch
2024-06-02 17:21:32,719 - root - INFO - epoch: 29 took 57.37s
2024-06-02 17:21:32,719 - root - INFO - Epoch mean loss: 0.27783137315820006
2024-06-02 17:21:32,720 - root - INFO - val auc: 0.9853102193258255, new node val auc: 0.9822673155737707
2024-06-02 17:21:32,720 - root - INFO - val ap: 0.9856059825491098, new node val ap: 0.9836679283478487
2024-06-02 17:21:32,789 - root - INFO - start 30 epoch
2024-06-02 17:22:30,281 - root - INFO - epoch: 30 took 57.54s
2024-06-02 17:22:30,281 - root - INFO - Epoch mean loss: 0.273331695295907
2024-06-02 17:22:30,281 - root - INFO - val auc: 0.9856566936298331, new node val auc: 0.9826737704918032
2024-06-02 17:22:30,281 - root - INFO - val ap: 0.986364726954785, new node val ap: 0.983992019316319
2024-06-02 17:22:30,350 - root - INFO - start 31 epoch
2024-06-02 17:23:28,295 - root - INFO - epoch: 31 took 57.99s
2024-06-02 17:23:28,295 - root - INFO - Epoch mean loss: 0.2714636255367636
2024-06-02 17:23:28,295 - root - INFO - val auc: 0.9861211041559479, new node val auc: 0.983139856557377
2024-06-02 17:23:28,295 - root - INFO - val ap: 0.9867473128314627, new node val ap: 0.984450955318015
2024-06-02 17:23:28,363 - root - INFO - start 32 epoch
2024-06-02 17:24:26,118 - root - INFO - epoch: 32 took 57.80s
2024-06-02 17:24:26,118 - root - INFO - Epoch mean loss: 0.2685217363346974
2024-06-02 17:24:26,118 - root - INFO - val auc: 0.985505012957564, new node val auc: 0.9821832991803279
2024-06-02 17:24:26,118 - root - INFO - val ap: 0.9859480616523251, new node val ap: 0.9834921863275449
2024-06-02 17:24:26,187 - root - INFO - start 33 epoch
2024-06-02 17:25:23,448 - root - INFO - epoch: 33 took 57.31s
2024-06-02 17:25:23,448 - root - INFO - Epoch mean loss: 0.2628281119605297
2024-06-02 17:25:23,449 - root - INFO - val auc: 0.9862984181767945, new node val auc: 0.9835191598360655
2024-06-02 17:25:23,449 - root - INFO - val ap: 0.9867730635524156, new node val ap: 0.9849519539450974
2024-06-02 17:25:23,516 - root - INFO - start 34 epoch
2024-06-02 17:26:21,122 - root - INFO - epoch: 34 took 57.65s
2024-06-02 17:26:21,122 - root - INFO - Epoch mean loss: 0.2656779566899015
2024-06-02 17:26:21,122 - root - INFO - val auc: 0.9849877434307055, new node val auc: 0.9819051229508198
2024-06-02 17:26:21,122 - root - INFO - val ap: 0.9856522060427282, new node val ap: 0.9832915738746725
2024-06-02 17:26:21,196 - root - INFO - start 35 epoch
2024-06-02 17:27:18,405 - root - INFO - epoch: 35 took 57.26s
2024-06-02 17:27:18,405 - root - INFO - Epoch mean loss: 0.2646370476359511
2024-06-02 17:27:18,405 - root - INFO - val auc: 0.98593947293203, new node val auc: 0.9830495901639345
2024-06-02 17:27:18,405 - root - INFO - val ap: 0.9864785870703845, new node val ap: 0.9845263101672891
2024-06-02 17:27:18,473 - root - INFO - start 36 epoch
2024-06-02 17:28:16,183 - root - INFO - epoch: 36 took 57.76s
2024-06-02 17:28:16,184 - root - INFO - Epoch mean loss: 0.2614354770722354
2024-06-02 17:28:16,184 - root - INFO - val auc: 0.9851748430324512, new node val auc: 0.9818422131147542
2024-06-02 17:28:16,184 - root - INFO - val ap: 0.9858840676037055, new node val ap: 0.9834604263846459
2024-06-02 17:28:16,253 - root - INFO - start 37 epoch
2024-06-02 17:29:13,707 - root - INFO - epoch: 37 took 57.50s
2024-06-02 17:29:13,707 - root - INFO - Epoch mean loss: 0.25814061428378954
2024-06-02 17:29:13,707 - root - INFO - val auc: 0.9866741763372016, new node val auc: 0.9834559426229508
2024-06-02 17:29:13,707 - root - INFO - val ap: 0.9869651458699578, new node val ap: 0.9846877651810322
2024-06-02 17:29:13,777 - root - INFO - start 38 epoch
2024-06-02 17:30:11,254 - root - INFO - epoch: 38 took 57.52s
2024-06-02 17:30:11,255 - root - INFO - Epoch mean loss: 0.260389054772155
2024-06-02 17:30:11,255 - root - INFO - val auc: 0.9858720359572399, new node val auc: 0.9832151639344262
2024-06-02 17:30:11,255 - root - INFO - val ap: 0.9866292092075943, new node val ap: 0.9845349890361865
2024-06-02 17:30:11,323 - root - INFO - start 39 epoch
2024-06-02 17:31:08,586 - root - INFO - epoch: 39 took 57.31s
2024-06-02 17:31:08,587 - root - INFO - Epoch mean loss: 0.26004391238827423
2024-06-02 17:31:08,587 - root - INFO - val auc: 0.9852830029630899, new node val auc: 0.982021106557377
2024-06-02 17:31:08,587 - root - INFO - val ap: 0.9859877525917846, new node val ap: 0.9835570078590171
2024-06-02 17:31:08,652 - root - INFO - start 40 epoch
2024-06-02 17:32:06,478 - root - INFO - epoch: 40 took 57.87s
2024-06-02 17:32:06,478 - root - INFO - Epoch mean loss: 0.2513968780489978
2024-06-02 17:32:06,478 - root - INFO - val auc: 0.985220184740563, new node val auc: 0.9826579918032788
2024-06-02 17:32:06,478 - root - INFO - val ap: 0.985883208066995, new node val ap: 0.9842142883961519
2024-06-02 17:32:06,542 - root - INFO - start 41 epoch
2024-06-02 17:33:04,091 - root - INFO - epoch: 41 took 57.59s
2024-06-02 17:33:04,091 - root - INFO - Epoch mean loss: 0.25426468201752367
2024-06-02 17:33:04,091 - root - INFO - val auc: 0.9857113840774405, new node val auc: 0.9826554303278688
2024-06-02 17:33:04,091 - root - INFO - val ap: 0.98651940008132, new node val ap: 0.9841639878598982
2024-06-02 17:33:04,154 - root - INFO - start 42 epoch
2024-06-02 17:34:01,663 - root - INFO - epoch: 42 took 57.55s
2024-06-02 17:34:01,663 - root - INFO - Epoch mean loss: 0.2483408922889256
2024-06-02 17:34:01,663 - root - INFO - val auc: 0.9854450203891081, new node val auc: 0.9825690573770491
2024-06-02 17:34:01,663 - root - INFO - val ap: 0.9862421205752352, new node val ap: 0.9841748048232247
2024-06-02 17:34:01,664 - root - INFO - No improvement over 5 epochs, stop training
2024-06-02 17:34:01,664 - root - INFO - Loading the best model at epoch 37
2024-06-02 17:34:01,678 - root - INFO - Loaded the best model at epoch 37 for inference
2024-06-02 17:34:17,992 - root - INFO - Test statistics: Old nodes -- auc: 0.9849910287924694, ap: 0.985656216931252
2024-06-02 17:34:17,992 - root - INFO - Test statistics: New nodes -- auc: 0.9779348815321521, ap: 0.978963981076744
2024-06-02 17:34:17,993 - root - INFO - Saving TGN model
2024-06-02 17:34:18,299 - root - INFO - TGN model saved
